The system is: Linux - 4.2.3-200.fc22.x86_64 - x86_64
Compiling the C compiler identification source file "CMakeCCompilerId.c" succeeded.
Compiler: /home/christopher/packages/gcc/4.8.2/platform-linux/arch-x86_64/os-Fedora-22/bin/gcc 
Build flags: 
Id flags: 

The output was:
0


Compilation of the C compiler identification source "CMakeCCompilerId.c" produced "a.out"

The C compiler identification is GNU, found in "/home/christopher/dev/github/rez_packages/pyilmbase/2.2.0/build/platform-linux/arch-x86_64/CMakeFiles/3.3.2/CompilerIdC/a.out"

Compiling the CXX compiler identification source file "CMakeCXXCompilerId.cpp" succeeded.
Compiler: /home/christopher/packages/gcc/4.8.2/platform-linux/arch-x86_64/os-Fedora-22/bin/g++ 
Build flags: 
Id flags: 

The output was:
0


Compilation of the CXX compiler identification source "CMakeCXXCompilerId.cpp" produced "a.out"

The CXX compiler identification is GNU, found in "/home/christopher/dev/github/rez_packages/pyilmbase/2.2.0/build/platform-linux/arch-x86_64/CMakeFiles/3.3.2/CompilerIdCXX/a.out"

Determining if the C compiler works passed with the following output:
Change Dir: /home/christopher/dev/github/rez_packages/pyilmbase/2.2.0/build/platform-linux/arch-x86_64/CMakeFiles/CMakeTmp

Run Build Command:"/usr/bin/gmake" "cmTC_de765/fast"
/usr/bin/gmake -f CMakeFiles/cmTC_de765.dir/build.make CMakeFiles/cmTC_de765.dir/build
gmake[1]: Entering directory '/home/christopher/dev/github/rez_packages/pyilmbase/2.2.0/build/platform-linux/arch-x86_64/CMakeFiles/CMakeTmp'
Building C object CMakeFiles/cmTC_de765.dir/testCCompiler.c.o
/home/christopher/packages/gcc/4.8.2/platform-linux/arch-x86_64/os-Fedora-22/bin/gcc    -o CMakeFiles/cmTC_de765.dir/testCCompiler.c.o   -c /home/christopher/dev/github/rez_packages/pyilmbase/2.2.0/build/platform-linux/arch-x86_64/CMakeFiles/CMakeTmp/testCCompiler.c
Linking C executable cmTC_de765
/usr/bin/cmake -E cmake_link_script CMakeFiles/cmTC_de765.dir/link.txt --verbose=1
/home/christopher/packages/gcc/4.8.2/platform-linux/arch-x86_64/os-Fedora-22/bin/gcc       CMakeFiles/cmTC_de765.dir/testCCompiler.c.o  -o cmTC_de765 -rdynamic 
gmake[1]: Leaving directory '/home/christopher/dev/github/rez_packages/pyilmbase/2.2.0/build/platform-linux/arch-x86_64/CMakeFiles/CMakeTmp'


Detecting C compiler ABI info compiled with the following output:
Change Dir: /home/christopher/dev/github/rez_packages/pyilmbase/2.2.0/build/platform-linux/arch-x86_64/CMakeFiles/CMakeTmp

Run Build Command:"/usr/bin/gmake" "cmTC_1fffa/fast"
/usr/bin/gmake -f CMakeFiles/cmTC_1fffa.dir/build.make CMakeFiles/cmTC_1fffa.dir/build
gmake[1]: Entering directory '/home/christopher/dev/github/rez_packages/pyilmbase/2.2.0/build/platform-linux/arch-x86_64/CMakeFiles/CMakeTmp'
Building C object CMakeFiles/cmTC_1fffa.dir/CMakeCCompilerABI.c.o
/home/christopher/packages/gcc/4.8.2/platform-linux/arch-x86_64/os-Fedora-22/bin/gcc    -o CMakeFiles/cmTC_1fffa.dir/CMakeCCompilerABI.c.o   -c /usr/share/cmake/Modules/CMakeCCompilerABI.c
Linking C executable cmTC_1fffa
/usr/bin/cmake -E cmake_link_script CMakeFiles/cmTC_1fffa.dir/link.txt --verbose=1
/home/christopher/packages/gcc/4.8.2/platform-linux/arch-x86_64/os-Fedora-22/bin/gcc      -v CMakeFiles/cmTC_1fffa.dir/CMakeCCompilerABI.c.o  -o cmTC_1fffa -rdynamic  
Using built-in specs.
COLLECT_GCC=/home/christopher/packages/gcc/4.8.2/platform-linux/arch-x86_64/os-Fedora-22/bin/gcc
COLLECT_LTO_WRAPPER=/home/christopher/packages/gcc/4.8.2/platform-linux/arch-x86_64/os-Fedora-22/libexec/gcc/x86_64-unknown-linux-gnu/4.8.2/lto-wrapper
Target: x86_64-unknown-linux-gnu
Configured with: ../gcc-4.8.2/configure --prefix=/home/christopher/packages/gcc/4.8.2/platform-linux/arch-x86_64/os-Fedora-22 --enable-languages=c,c++,fortran,objc --with-pic --enable-shared --enable-static --enable-threads=posix --enable-__cxa_atexit --enable-clocale=gnu --with-libelf=/usr/include --disable-multilib --disable-bootstrap --disable-install-libiberty --with-system-zlib
Thread model: posix
gcc version 4.8.2 (GCC) 
COMPILER_PATH=/home/christopher/packages/gcc/4.8.2/platform-linux/arch-x86_64/os-Fedora-22/libexec/gcc/x86_64-unknown-linux-gnu/4.8.2/:/home/christopher/packages/gcc/4.8.2/platform-linux/arch-x86_64/os-Fedora-22/libexec/gcc/x86_64-unknown-linux-gnu/4.8.2/:/home/christopher/packages/gcc/4.8.2/platform-linux/arch-x86_64/os-Fedora-22/libexec/gcc/x86_64-unknown-linux-gnu/:/home/christopher/packages/gcc/4.8.2/platform-linux/arch-x86_64/os-Fedora-22/lib/gcc/x86_64-unknown-linux-gnu/4.8.2/:/home/christopher/packages/gcc/4.8.2/platform-linux/arch-x86_64/os-Fedora-22/lib/gcc/x86_64-unknown-linux-gnu/
LIBRARY_PATH=/home/christopher/packages/gcc/4.8.2/platform-linux/arch-x86_64/os-Fedora-22/lib/gcc/x86_64-unknown-linux-gnu/4.8.2/:/home/christopher/packages/gcc/4.8.2/platform-linux/arch-x86_64/os-Fedora-22/lib/gcc/x86_64-unknown-linux-gnu/4.8.2/../../../../lib64/:/lib/../lib64/:/usr/lib/../lib64/:/home/christopher/packages/gcc/4.8.2/platform-linux/arch-x86_64/os-Fedora-22/lib/gcc/x86_64-unknown-linux-gnu/4.8.2/../../../:/lib/:/usr/lib/
COLLECT_GCC_OPTIONS='-v' '-o' 'cmTC_1fffa' '-rdynamic' '-mtune=generic' '-march=x86-64'
 /home/christopher/packages/gcc/4.8.2/platform-linux/arch-x86_64/os-Fedora-22/libexec/gcc/x86_64-unknown-linux-gnu/4.8.2/collect2 --eh-frame-hdr -m elf_x86_64 -export-dynamic -dynamic-linker /lib64/ld-linux-x86-64.so.2 -o cmTC_1fffa /lib/../lib64/crt1.o /lib/../lib64/crti.o /home/christopher/packages/gcc/4.8.2/platform-linux/arch-x86_64/os-Fedora-22/lib/gcc/x86_64-unknown-linux-gnu/4.8.2/crtbegin.o -L/home/christopher/packages/gcc/4.8.2/platform-linux/arch-x86_64/os-Fedora-22/lib/gcc/x86_64-unknown-linux-gnu/4.8.2 -L/home/christopher/packages/gcc/4.8.2/platform-linux/arch-x86_64/os-Fedora-22/lib/gcc/x86_64-unknown-linux-gnu/4.8.2/../../../../lib64 -L/lib/../lib64 -L/usr/lib/../lib64 -L/home/christopher/packages/gcc/4.8.2/platform-linux/arch-x86_64/os-Fedora-22/lib/gcc/x86_64-unknown-linux-gnu/4.8.2/../../.. CMakeFiles/cmTC_1fffa.dir/CMakeCCompilerABI.c.o -lgcc --as-needed -lgcc_s --no-as-needed -lc -lgcc --as-needed -lgcc_s --no-as-needed /home/christopher/packages/gcc/4.8.2/platform-linux/arch-x86_64/os-Fedora-22/lib/gcc/x86_64-unknown-linux-gnu/4.8.2/crtend.o /lib/../lib64/crtn.o
gmake[1]: Leaving directory '/home/christopher/dev/github/rez_packages/pyilmbase/2.2.0/build/platform-linux/arch-x86_64/CMakeFiles/CMakeTmp'


Parsed C implicit link information from above output:
  link line regex: [^( *|.*[/\])(ld|([^/\]+-)?ld|collect2)[^/\]*( |$)]
  ignore line: [Change Dir: /home/christopher/dev/github/rez_packages/pyilmbase/2.2.0/build/platform-linux/arch-x86_64/CMakeFiles/CMakeTmp]
  ignore line: []
  ignore line: [Run Build Command:"/usr/bin/gmake" "cmTC_1fffa/fast"]
  ignore line: [/usr/bin/gmake -f CMakeFiles/cmTC_1fffa.dir/build.make CMakeFiles/cmTC_1fffa.dir/build]
  ignore line: [gmake[1]: Entering directory '/home/christopher/dev/github/rez_packages/pyilmbase/2.2.0/build/platform-linux/arch-x86_64/CMakeFiles/CMakeTmp']
  ignore line: [Building C object CMakeFiles/cmTC_1fffa.dir/CMakeCCompilerABI.c.o]
  ignore line: [/home/christopher/packages/gcc/4.8.2/platform-linux/arch-x86_64/os-Fedora-22/bin/gcc    -o CMakeFiles/cmTC_1fffa.dir/CMakeCCompilerABI.c.o   -c /usr/share/cmake/Modules/CMakeCCompilerABI.c]
  ignore line: [Linking C executable cmTC_1fffa]
  ignore line: [/usr/bin/cmake -E cmake_link_script CMakeFiles/cmTC_1fffa.dir/link.txt --verbose=1]
  ignore line: [/home/christopher/packages/gcc/4.8.2/platform-linux/arch-x86_64/os-Fedora-22/bin/gcc      -v CMakeFiles/cmTC_1fffa.dir/CMakeCCompilerABI.c.o  -o cmTC_1fffa -rdynamic  ]
  ignore line: [Using built-in specs.]
  ignore line: [COLLECT_GCC=/home/christopher/packages/gcc/4.8.2/platform-linux/arch-x86_64/os-Fedora-22/bin/gcc]
  ignore line: [COLLECT_LTO_WRAPPER=/home/christopher/packages/gcc/4.8.2/platform-linux/arch-x86_64/os-Fedora-22/libexec/gcc/x86_64-unknown-linux-gnu/4.8.2/lto-wrapper]
  ignore line: [Target: x86_64-unknown-linux-gnu]
  ignore line: [Configured with: ../gcc-4.8.2/configure --prefix=/home/christopher/packages/gcc/4.8.2/platform-linux/arch-x86_64/os-Fedora-22 --enable-languages=c,c++,fortran,objc --with-pic --enable-shared --enable-static --enable-threads=posix --enable-__cxa_atexit --enable-clocale=gnu --with-libelf=/usr/include --disable-multilib --disable-bootstrap --disable-install-libiberty --with-system-zlib]
  ignore line: [Thread model: posix]
  ignore line: [gcc version 4.8.2 (GCC) ]
  ignore line: [COMPILER_PATH=/home/christopher/packages/gcc/4.8.2/platform-linux/arch-x86_64/os-Fedora-22/libexec/gcc/x86_64-unknown-linux-gnu/4.8.2/:/home/christopher/packages/gcc/4.8.2/platform-linux/arch-x86_64/os-Fedora-22/libexec/gcc/x86_64-unknown-linux-gnu/4.8.2/:/home/christopher/packages/gcc/4.8.2/platform-linux/arch-x86_64/os-Fedora-22/libexec/gcc/x86_64-unknown-linux-gnu/:/home/christopher/packages/gcc/4.8.2/platform-linux/arch-x86_64/os-Fedora-22/lib/gcc/x86_64-unknown-linux-gnu/4.8.2/:/home/christopher/packages/gcc/4.8.2/platform-linux/arch-x86_64/os-Fedora-22/lib/gcc/x86_64-unknown-linux-gnu/]
  ignore line: [LIBRARY_PATH=/home/christopher/packages/gcc/4.8.2/platform-linux/arch-x86_64/os-Fedora-22/lib/gcc/x86_64-unknown-linux-gnu/4.8.2/:/home/christopher/packages/gcc/4.8.2/platform-linux/arch-x86_64/os-Fedora-22/lib/gcc/x86_64-unknown-linux-gnu/4.8.2/../../../../lib64/:/lib/../lib64/:/usr/lib/../lib64/:/home/christopher/packages/gcc/4.8.2/platform-linux/arch-x86_64/os-Fedora-22/lib/gcc/x86_64-unknown-linux-gnu/4.8.2/../../../:/lib/:/usr/lib/]
  ignore line: [COLLECT_GCC_OPTIONS='-v' '-o' 'cmTC_1fffa' '-rdynamic' '-mtune=generic' '-march=x86-64']
  link line: [ /home/christopher/packages/gcc/4.8.2/platform-linux/arch-x86_64/os-Fedora-22/libexec/gcc/x86_64-unknown-linux-gnu/4.8.2/collect2 --eh-frame-hdr -m elf_x86_64 -export-dynamic -dynamic-linker /lib64/ld-linux-x86-64.so.2 -o cmTC_1fffa /lib/../lib64/crt1.o /lib/../lib64/crti.o /home/christopher/packages/gcc/4.8.2/platform-linux/arch-x86_64/os-Fedora-22/lib/gcc/x86_64-unknown-linux-gnu/4.8.2/crtbegin.o -L/home/christopher/packages/gcc/4.8.2/platform-linux/arch-x86_64/os-Fedora-22/lib/gcc/x86_64-unknown-linux-gnu/4.8.2 -L/home/christopher/packages/gcc/4.8.2/platform-linux/arch-x86_64/os-Fedora-22/lib/gcc/x86_64-unknown-linux-gnu/4.8.2/../../../../lib64 -L/lib/../lib64 -L/usr/lib/../lib64 -L/home/christopher/packages/gcc/4.8.2/platform-linux/arch-x86_64/os-Fedora-22/lib/gcc/x86_64-unknown-linux-gnu/4.8.2/../../.. CMakeFiles/cmTC_1fffa.dir/CMakeCCompilerABI.c.o -lgcc --as-needed -lgcc_s --no-as-needed -lc -lgcc --as-needed -lgcc_s --no-as-needed /home/christopher/packages/gcc/4.8.2/platform-linux/arch-x86_64/os-Fedora-22/lib/gcc/x86_64-unknown-linux-gnu/4.8.2/crtend.o /lib/../lib64/crtn.o]
    arg [/home/christopher/packages/gcc/4.8.2/platform-linux/arch-x86_64/os-Fedora-22/libexec/gcc/x86_64-unknown-linux-gnu/4.8.2/collect2] ==> ignore
    arg [--eh-frame-hdr] ==> ignore
    arg [-m] ==> ignore
    arg [elf_x86_64] ==> ignore
    arg [-export-dynamic] ==> ignore
    arg [-dynamic-linker] ==> ignore
    arg [/lib64/ld-linux-x86-64.so.2] ==> ignore
    arg [-o] ==> ignore
    arg [cmTC_1fffa] ==> ignore
    arg [/lib/../lib64/crt1.o] ==> ignore
    arg [/lib/../lib64/crti.o] ==> ignore
    arg [/home/christopher/packages/gcc/4.8.2/platform-linux/arch-x86_64/os-Fedora-22/lib/gcc/x86_64-unknown-linux-gnu/4.8.2/crtbegin.o] ==> ignore
    arg [-L/home/christopher/packages/gcc/4.8.2/platform-linux/arch-x86_64/os-Fedora-22/lib/gcc/x86_64-unknown-linux-gnu/4.8.2] ==> dir [/home/christopher/packages/gcc/4.8.2/platform-linux/arch-x86_64/os-Fedora-22/lib/gcc/x86_64-unknown-linux-gnu/4.8.2]
    arg [-L/home/christopher/packages/gcc/4.8.2/platform-linux/arch-x86_64/os-Fedora-22/lib/gcc/x86_64-unknown-linux-gnu/4.8.2/../../../../lib64] ==> dir [/home/christopher/packages/gcc/4.8.2/platform-linux/arch-x86_64/os-Fedora-22/lib/gcc/x86_64-unknown-linux-gnu/4.8.2/../../../../lib64]
    arg [-L/lib/../lib64] ==> dir [/lib/../lib64]
    arg [-L/usr/lib/../lib64] ==> dir [/usr/lib/../lib64]
    arg [-L/home/christopher/packages/gcc/4.8.2/platform-linux/arch-x86_64/os-Fedora-22/lib/gcc/x86_64-unknown-linux-gnu/4.8.2/../../..] ==> dir [/home/christopher/packages/gcc/4.8.2/platform-linux/arch-x86_64/os-Fedora-22/lib/gcc/x86_64-unknown-linux-gnu/4.8.2/../../..]
    arg [CMakeFiles/cmTC_1fffa.dir/CMakeCCompilerABI.c.o] ==> ignore
    arg [-lgcc] ==> lib [gcc]
    arg [--as-needed] ==> ignore
    arg [-lgcc_s] ==> lib [gcc_s]
    arg [--no-as-needed] ==> ignore
    arg [-lc] ==> lib [c]
    arg [-lgcc] ==> lib [gcc]
    arg [--as-needed] ==> ignore
    arg [-lgcc_s] ==> lib [gcc_s]
    arg [--no-as-needed] ==> ignore
    arg [/home/christopher/packages/gcc/4.8.2/platform-linux/arch-x86_64/os-Fedora-22/lib/gcc/x86_64-unknown-linux-gnu/4.8.2/crtend.o] ==> ignore
    arg [/lib/../lib64/crtn.o] ==> ignore
  remove lib [gcc]
  remove lib [gcc_s]
  remove lib [gcc]
  remove lib [gcc_s]
  collapse library dir [/home/christopher/packages/gcc/4.8.2/platform-linux/arch-x86_64/os-Fedora-22/lib/gcc/x86_64-unknown-linux-gnu/4.8.2] ==> [/home/christopher/packages/gcc/4.8.2/platform-linux/arch-x86_64/os-Fedora-22/lib/gcc/x86_64-unknown-linux-gnu/4.8.2]
  collapse library dir [/home/christopher/packages/gcc/4.8.2/platform-linux/arch-x86_64/os-Fedora-22/lib/gcc/x86_64-unknown-linux-gnu/4.8.2/../../../../lib64] ==> [/home/christopher/packages/gcc/4.8.2/platform-linux/arch-x86_64/os-Fedora-22/lib64]
  collapse library dir [/lib/../lib64] ==> [/lib64]
  collapse library dir [/usr/lib/../lib64] ==> [/usr/lib64]
  collapse library dir [/home/christopher/packages/gcc/4.8.2/platform-linux/arch-x86_64/os-Fedora-22/lib/gcc/x86_64-unknown-linux-gnu/4.8.2/../../..] ==> [/home/christopher/packages/gcc/4.8.2/platform-linux/arch-x86_64/os-Fedora-22/lib]
  implicit libs: [c]
  implicit dirs: [/home/christopher/packages/gcc/4.8.2/platform-linux/arch-x86_64/os-Fedora-22/lib/gcc/x86_64-unknown-linux-gnu/4.8.2;/home/christopher/packages/gcc/4.8.2/platform-linux/arch-x86_64/os-Fedora-22/lib64;/lib64;/usr/lib64;/home/christopher/packages/gcc/4.8.2/platform-linux/arch-x86_64/os-Fedora-22/lib]
  implicit fwks: []




Detecting C [-std=c11] compiler features compiled with the following output:
Change Dir: /home/christopher/dev/github/rez_packages/pyilmbase/2.2.0/build/platform-linux/arch-x86_64/CMakeFiles/CMakeTmp

Run Build Command:"/usr/bin/gmake" "cmTC_4ba2f/fast"
/usr/bin/gmake -f CMakeFiles/cmTC_4ba2f.dir/build.make CMakeFiles/cmTC_4ba2f.dir/build
gmake[1]: Entering directory '/home/christopher/dev/github/rez_packages/pyilmbase/2.2.0/build/platform-linux/arch-x86_64/CMakeFiles/CMakeTmp'
Building C object CMakeFiles/cmTC_4ba2f.dir/feature_tests.c.o
/home/christopher/packages/gcc/4.8.2/platform-linux/arch-x86_64/os-Fedora-22/bin/gcc   -std=c11 -o CMakeFiles/cmTC_4ba2f.dir/feature_tests.c.o   -c /home/christopher/dev/github/rez_packages/pyilmbase/2.2.0/build/platform-linux/arch-x86_64/CMakeFiles/feature_tests.c
Linking C executable cmTC_4ba2f
/usr/bin/cmake -E cmake_link_script CMakeFiles/cmTC_4ba2f.dir/link.txt --verbose=1
/home/christopher/packages/gcc/4.8.2/platform-linux/arch-x86_64/os-Fedora-22/bin/gcc       CMakeFiles/cmTC_4ba2f.dir/feature_tests.c.o  -o cmTC_4ba2f -rdynamic 
gmake[1]: Leaving directory '/home/christopher/dev/github/rez_packages/pyilmbase/2.2.0/build/platform-linux/arch-x86_64/CMakeFiles/CMakeTmp'


    Feature record: C_FEATURE:1c_function_prototypes
    Feature record: C_FEATURE:1c_restrict
    Feature record: C_FEATURE:1c_static_assert
    Feature record: C_FEATURE:1c_variadic_macros


Detecting C [-std=c99] compiler features compiled with the following output:
Change Dir: /home/christopher/dev/github/rez_packages/pyilmbase/2.2.0/build/platform-linux/arch-x86_64/CMakeFiles/CMakeTmp

Run Build Command:"/usr/bin/gmake" "cmTC_f4494/fast"
/usr/bin/gmake -f CMakeFiles/cmTC_f4494.dir/build.make CMakeFiles/cmTC_f4494.dir/build
gmake[1]: Entering directory '/home/christopher/dev/github/rez_packages/pyilmbase/2.2.0/build/platform-linux/arch-x86_64/CMakeFiles/CMakeTmp'
Building C object CMakeFiles/cmTC_f4494.dir/feature_tests.c.o
/home/christopher/packages/gcc/4.8.2/platform-linux/arch-x86_64/os-Fedora-22/bin/gcc   -std=c99 -o CMakeFiles/cmTC_f4494.dir/feature_tests.c.o   -c /home/christopher/dev/github/rez_packages/pyilmbase/2.2.0/build/platform-linux/arch-x86_64/CMakeFiles/feature_tests.c
Linking C executable cmTC_f4494
/usr/bin/cmake -E cmake_link_script CMakeFiles/cmTC_f4494.dir/link.txt --verbose=1
/home/christopher/packages/gcc/4.8.2/platform-linux/arch-x86_64/os-Fedora-22/bin/gcc       CMakeFiles/cmTC_f4494.dir/feature_tests.c.o  -o cmTC_f4494 -rdynamic 
gmake[1]: Leaving directory '/home/christopher/dev/github/rez_packages/pyilmbase/2.2.0/build/platform-linux/arch-x86_64/CMakeFiles/CMakeTmp'


    Feature record: C_FEATURE:1c_function_prototypes
    Feature record: C_FEATURE:1c_restrict
    Feature record: C_FEATURE:0c_static_assert
    Feature record: C_FEATURE:1c_variadic_macros


Detecting C [-std=c90] compiler features compiled with the following output:
Change Dir: /home/christopher/dev/github/rez_packages/pyilmbase/2.2.0/build/platform-linux/arch-x86_64/CMakeFiles/CMakeTmp

Run Build Command:"/usr/bin/gmake" "cmTC_043fa/fast"
/usr/bin/gmake -f CMakeFiles/cmTC_043fa.dir/build.make CMakeFiles/cmTC_043fa.dir/build
gmake[1]: Entering directory '/home/christopher/dev/github/rez_packages/pyilmbase/2.2.0/build/platform-linux/arch-x86_64/CMakeFiles/CMakeTmp'
Building C object CMakeFiles/cmTC_043fa.dir/feature_tests.c.o
/home/christopher/packages/gcc/4.8.2/platform-linux/arch-x86_64/os-Fedora-22/bin/gcc   -std=c90 -o CMakeFiles/cmTC_043fa.dir/feature_tests.c.o   -c /home/christopher/dev/github/rez_packages/pyilmbase/2.2.0/build/platform-linux/arch-x86_64/CMakeFiles/feature_tests.c
Linking C executable cmTC_043fa
/usr/bin/cmake -E cmake_link_script CMakeFiles/cmTC_043fa.dir/link.txt --verbose=1
/home/christopher/packages/gcc/4.8.2/platform-linux/arch-x86_64/os-Fedora-22/bin/gcc       CMakeFiles/cmTC_043fa.dir/feature_tests.c.o  -o cmTC_043fa -rdynamic 
gmake[1]: Leaving directory '/home/christopher/dev/github/rez_packages/pyilmbase/2.2.0/build/platform-linux/arch-x86_64/CMakeFiles/CMakeTmp'


    Feature record: C_FEATURE:1c_function_prototypes
    Feature record: C_FEATURE:0c_restrict
    Feature record: C_FEATURE:0c_static_assert
    Feature record: C_FEATURE:0c_variadic_macros
Determining if the CXX compiler works passed with the following output:
Change Dir: /home/christopher/dev/github/rez_packages/pyilmbase/2.2.0/build/platform-linux/arch-x86_64/CMakeFiles/CMakeTmp

Run Build Command:"/usr/bin/gmake" "cmTC_9c737/fast"
/usr/bin/gmake -f CMakeFiles/cmTC_9c737.dir/build.make CMakeFiles/cmTC_9c737.dir/build
gmake[1]: Entering directory '/home/christopher/dev/github/rez_packages/pyilmbase/2.2.0/build/platform-linux/arch-x86_64/CMakeFiles/CMakeTmp'
Building CXX object CMakeFiles/cmTC_9c737.dir/testCXXCompiler.cxx.o
/home/christopher/packages/gcc/4.8.2/platform-linux/arch-x86_64/os-Fedora-22/bin/g++     -o CMakeFiles/cmTC_9c737.dir/testCXXCompiler.cxx.o -c /home/christopher/dev/github/rez_packages/pyilmbase/2.2.0/build/platform-linux/arch-x86_64/CMakeFiles/CMakeTmp/testCXXCompiler.cxx
Linking CXX executable cmTC_9c737
/usr/bin/cmake -E cmake_link_script CMakeFiles/cmTC_9c737.dir/link.txt --verbose=1
/home/christopher/packages/gcc/4.8.2/platform-linux/arch-x86_64/os-Fedora-22/bin/g++        CMakeFiles/cmTC_9c737.dir/testCXXCompiler.cxx.o  -o cmTC_9c737 -rdynamic 
gmake[1]: Leaving directory '/home/christopher/dev/github/rez_packages/pyilmbase/2.2.0/build/platform-linux/arch-x86_64/CMakeFiles/CMakeTmp'


Detecting CXX compiler ABI info compiled with the following output:
Change Dir: /home/christopher/dev/github/rez_packages/pyilmbase/2.2.0/build/platform-linux/arch-x86_64/CMakeFiles/CMakeTmp

Run Build Command:"/usr/bin/gmake" "cmTC_d493e/fast"
/usr/bin/gmake -f CMakeFiles/cmTC_d493e.dir/build.make CMakeFiles/cmTC_d493e.dir/build
gmake[1]: Entering directory '/home/christopher/dev/github/rez_packages/pyilmbase/2.2.0/build/platform-linux/arch-x86_64/CMakeFiles/CMakeTmp'
Building CXX object CMakeFiles/cmTC_d493e.dir/CMakeCXXCompilerABI.cpp.o
/home/christopher/packages/gcc/4.8.2/platform-linux/arch-x86_64/os-Fedora-22/bin/g++     -o CMakeFiles/cmTC_d493e.dir/CMakeCXXCompilerABI.cpp.o -c /usr/share/cmake/Modules/CMakeCXXCompilerABI.cpp
Linking CXX executable cmTC_d493e
/usr/bin/cmake -E cmake_link_script CMakeFiles/cmTC_d493e.dir/link.txt --verbose=1
/home/christopher/packages/gcc/4.8.2/platform-linux/arch-x86_64/os-Fedora-22/bin/g++       -v CMakeFiles/cmTC_d493e.dir/CMakeCXXCompilerABI.cpp.o  -o cmTC_d493e -rdynamic  
Using built-in specs.
COLLECT_GCC=/home/christopher/packages/gcc/4.8.2/platform-linux/arch-x86_64/os-Fedora-22/bin/g++
COLLECT_LTO_WRAPPER=/home/christopher/packages/gcc/4.8.2/platform-linux/arch-x86_64/os-Fedora-22/libexec/gcc/x86_64-unknown-linux-gnu/4.8.2/lto-wrapper
Target: x86_64-unknown-linux-gnu
Configured with: ../gcc-4.8.2/configure --prefix=/home/christopher/packages/gcc/4.8.2/platform-linux/arch-x86_64/os-Fedora-22 --enable-languages=c,c++,fortran,objc --with-pic --enable-shared --enable-static --enable-threads=posix --enable-__cxa_atexit --enable-clocale=gnu --with-libelf=/usr/include --disable-multilib --disable-bootstrap --disable-install-libiberty --with-system-zlib
Thread model: posix
gcc version 4.8.2 (GCC) 
COMPILER_PATH=/home/christopher/packages/gcc/4.8.2/platform-linux/arch-x86_64/os-Fedora-22/libexec/gcc/x86_64-unknown-linux-gnu/4.8.2/:/home/christopher/packages/gcc/4.8.2/platform-linux/arch-x86_64/os-Fedora-22/libexec/gcc/x86_64-unknown-linux-gnu/4.8.2/:/home/christopher/packages/gcc/4.8.2/platform-linux/arch-x86_64/os-Fedora-22/libexec/gcc/x86_64-unknown-linux-gnu/:/home/christopher/packages/gcc/4.8.2/platform-linux/arch-x86_64/os-Fedora-22/lib/gcc/x86_64-unknown-linux-gnu/4.8.2/:/home/christopher/packages/gcc/4.8.2/platform-linux/arch-x86_64/os-Fedora-22/lib/gcc/x86_64-unknown-linux-gnu/
LIBRARY_PATH=/home/christopher/packages/gcc/4.8.2/platform-linux/arch-x86_64/os-Fedora-22/lib/gcc/x86_64-unknown-linux-gnu/4.8.2/:/home/christopher/packages/gcc/4.8.2/platform-linux/arch-x86_64/os-Fedora-22/lib/gcc/x86_64-unknown-linux-gnu/4.8.2/../../../../lib64/:/lib/../lib64/:/usr/lib/../lib64/:/home/christopher/packages/gcc/4.8.2/platform-linux/arch-x86_64/os-Fedora-22/lib/gcc/x86_64-unknown-linux-gnu/4.8.2/../../../:/lib/:/usr/lib/
COLLECT_GCC_OPTIONS='-v' '-o' 'cmTC_d493e' '-rdynamic' '-shared-libgcc' '-mtune=generic' '-march=x86-64'
 /home/christopher/packages/gcc/4.8.2/platform-linux/arch-x86_64/os-Fedora-22/libexec/gcc/x86_64-unknown-linux-gnu/4.8.2/collect2 --eh-frame-hdr -m elf_x86_64 -export-dynamic -dynamic-linker /lib64/ld-linux-x86-64.so.2 -o cmTC_d493e /lib/../lib64/crt1.o /lib/../lib64/crti.o /home/christopher/packages/gcc/4.8.2/platform-linux/arch-x86_64/os-Fedora-22/lib/gcc/x86_64-unknown-linux-gnu/4.8.2/crtbegin.o -L/home/christopher/packages/gcc/4.8.2/platform-linux/arch-x86_64/os-Fedora-22/lib/gcc/x86_64-unknown-linux-gnu/4.8.2 -L/home/christopher/packages/gcc/4.8.2/platform-linux/arch-x86_64/os-Fedora-22/lib/gcc/x86_64-unknown-linux-gnu/4.8.2/../../../../lib64 -L/lib/../lib64 -L/usr/lib/../lib64 -L/home/christopher/packages/gcc/4.8.2/platform-linux/arch-x86_64/os-Fedora-22/lib/gcc/x86_64-unknown-linux-gnu/4.8.2/../../.. CMakeFiles/cmTC_d493e.dir/CMakeCXXCompilerABI.cpp.o -lstdc++ -lm -lgcc_s -lgcc -lc -lgcc_s -lgcc /home/christopher/packages/gcc/4.8.2/platform-linux/arch-x86_64/os-Fedora-22/lib/gcc/x86_64-unknown-linux-gnu/4.8.2/crtend.o /lib/../lib64/crtn.o
gmake[1]: Leaving directory '/home/christopher/dev/github/rez_packages/pyilmbase/2.2.0/build/platform-linux/arch-x86_64/CMakeFiles/CMakeTmp'


Parsed CXX implicit link information from above output:
  link line regex: [^( *|.*[/\])(ld|([^/\]+-)?ld|collect2)[^/\]*( |$)]
  ignore line: [Change Dir: /home/christopher/dev/github/rez_packages/pyilmbase/2.2.0/build/platform-linux/arch-x86_64/CMakeFiles/CMakeTmp]
  ignore line: []
  ignore line: [Run Build Command:"/usr/bin/gmake" "cmTC_d493e/fast"]
  ignore line: [/usr/bin/gmake -f CMakeFiles/cmTC_d493e.dir/build.make CMakeFiles/cmTC_d493e.dir/build]
  ignore line: [gmake[1]: Entering directory '/home/christopher/dev/github/rez_packages/pyilmbase/2.2.0/build/platform-linux/arch-x86_64/CMakeFiles/CMakeTmp']
  ignore line: [Building CXX object CMakeFiles/cmTC_d493e.dir/CMakeCXXCompilerABI.cpp.o]
  ignore line: [/home/christopher/packages/gcc/4.8.2/platform-linux/arch-x86_64/os-Fedora-22/bin/g++     -o CMakeFiles/cmTC_d493e.dir/CMakeCXXCompilerABI.cpp.o -c /usr/share/cmake/Modules/CMakeCXXCompilerABI.cpp]
  ignore line: [Linking CXX executable cmTC_d493e]
  ignore line: [/usr/bin/cmake -E cmake_link_script CMakeFiles/cmTC_d493e.dir/link.txt --verbose=1]
  ignore line: [/home/christopher/packages/gcc/4.8.2/platform-linux/arch-x86_64/os-Fedora-22/bin/g++       -v CMakeFiles/cmTC_d493e.dir/CMakeCXXCompilerABI.cpp.o  -o cmTC_d493e -rdynamic  ]
  ignore line: [Using built-in specs.]
  ignore line: [COLLECT_GCC=/home/christopher/packages/gcc/4.8.2/platform-linux/arch-x86_64/os-Fedora-22/bin/g++]
  ignore line: [COLLECT_LTO_WRAPPER=/home/christopher/packages/gcc/4.8.2/platform-linux/arch-x86_64/os-Fedora-22/libexec/gcc/x86_64-unknown-linux-gnu/4.8.2/lto-wrapper]
  ignore line: [Target: x86_64-unknown-linux-gnu]
  ignore line: [Configured with: ../gcc-4.8.2/configure --prefix=/home/christopher/packages/gcc/4.8.2/platform-linux/arch-x86_64/os-Fedora-22 --enable-languages=c,c++,fortran,objc --with-pic --enable-shared --enable-static --enable-threads=posix --enable-__cxa_atexit --enable-clocale=gnu --with-libelf=/usr/include --disable-multilib --disable-bootstrap --disable-install-libiberty --with-system-zlib]
  ignore line: [Thread model: posix]
  ignore line: [gcc version 4.8.2 (GCC) ]
  ignore line: [COMPILER_PATH=/home/christopher/packages/gcc/4.8.2/platform-linux/arch-x86_64/os-Fedora-22/libexec/gcc/x86_64-unknown-linux-gnu/4.8.2/:/home/christopher/packages/gcc/4.8.2/platform-linux/arch-x86_64/os-Fedora-22/libexec/gcc/x86_64-unknown-linux-gnu/4.8.2/:/home/christopher/packages/gcc/4.8.2/platform-linux/arch-x86_64/os-Fedora-22/libexec/gcc/x86_64-unknown-linux-gnu/:/home/christopher/packages/gcc/4.8.2/platform-linux/arch-x86_64/os-Fedora-22/lib/gcc/x86_64-unknown-linux-gnu/4.8.2/:/home/christopher/packages/gcc/4.8.2/platform-linux/arch-x86_64/os-Fedora-22/lib/gcc/x86_64-unknown-linux-gnu/]
  ignore line: [LIBRARY_PATH=/home/christopher/packages/gcc/4.8.2/platform-linux/arch-x86_64/os-Fedora-22/lib/gcc/x86_64-unknown-linux-gnu/4.8.2/:/home/christopher/packages/gcc/4.8.2/platform-linux/arch-x86_64/os-Fedora-22/lib/gcc/x86_64-unknown-linux-gnu/4.8.2/../../../../lib64/:/lib/../lib64/:/usr/lib/../lib64/:/home/christopher/packages/gcc/4.8.2/platform-linux/arch-x86_64/os-Fedora-22/lib/gcc/x86_64-unknown-linux-gnu/4.8.2/../../../:/lib/:/usr/lib/]
  ignore line: [COLLECT_GCC_OPTIONS='-v' '-o' 'cmTC_d493e' '-rdynamic' '-shared-libgcc' '-mtune=generic' '-march=x86-64']
  link line: [ /home/christopher/packages/gcc/4.8.2/platform-linux/arch-x86_64/os-Fedora-22/libexec/gcc/x86_64-unknown-linux-gnu/4.8.2/collect2 --eh-frame-hdr -m elf_x86_64 -export-dynamic -dynamic-linker /lib64/ld-linux-x86-64.so.2 -o cmTC_d493e /lib/../lib64/crt1.o /lib/../lib64/crti.o /home/christopher/packages/gcc/4.8.2/platform-linux/arch-x86_64/os-Fedora-22/lib/gcc/x86_64-unknown-linux-gnu/4.8.2/crtbegin.o -L/home/christopher/packages/gcc/4.8.2/platform-linux/arch-x86_64/os-Fedora-22/lib/gcc/x86_64-unknown-linux-gnu/4.8.2 -L/home/christopher/packages/gcc/4.8.2/platform-linux/arch-x86_64/os-Fedora-22/lib/gcc/x86_64-unknown-linux-gnu/4.8.2/../../../../lib64 -L/lib/../lib64 -L/usr/lib/../lib64 -L/home/christopher/packages/gcc/4.8.2/platform-linux/arch-x86_64/os-Fedora-22/lib/gcc/x86_64-unknown-linux-gnu/4.8.2/../../.. CMakeFiles/cmTC_d493e.dir/CMakeCXXCompilerABI.cpp.o -lstdc++ -lm -lgcc_s -lgcc -lc -lgcc_s -lgcc /home/christopher/packages/gcc/4.8.2/platform-linux/arch-x86_64/os-Fedora-22/lib/gcc/x86_64-unknown-linux-gnu/4.8.2/crtend.o /lib/../lib64/crtn.o]
    arg [/home/christopher/packages/gcc/4.8.2/platform-linux/arch-x86_64/os-Fedora-22/libexec/gcc/x86_64-unknown-linux-gnu/4.8.2/collect2] ==> ignore
    arg [--eh-frame-hdr] ==> ignore
    arg [-m] ==> ignore
    arg [elf_x86_64] ==> ignore
    arg [-export-dynamic] ==> ignore
    arg [-dynamic-linker] ==> ignore
    arg [/lib64/ld-linux-x86-64.so.2] ==> ignore
    arg [-o] ==> ignore
    arg [cmTC_d493e] ==> ignore
    arg [/lib/../lib64/crt1.o] ==> ignore
    arg [/lib/../lib64/crti.o] ==> ignore
    arg [/home/christopher/packages/gcc/4.8.2/platform-linux/arch-x86_64/os-Fedora-22/lib/gcc/x86_64-unknown-linux-gnu/4.8.2/crtbegin.o] ==> ignore
    arg [-L/home/christopher/packages/gcc/4.8.2/platform-linux/arch-x86_64/os-Fedora-22/lib/gcc/x86_64-unknown-linux-gnu/4.8.2] ==> dir [/home/christopher/packages/gcc/4.8.2/platform-linux/arch-x86_64/os-Fedora-22/lib/gcc/x86_64-unknown-linux-gnu/4.8.2]
    arg [-L/home/christopher/packages/gcc/4.8.2/platform-linux/arch-x86_64/os-Fedora-22/lib/gcc/x86_64-unknown-linux-gnu/4.8.2/../../../../lib64] ==> dir [/home/christopher/packages/gcc/4.8.2/platform-linux/arch-x86_64/os-Fedora-22/lib/gcc/x86_64-unknown-linux-gnu/4.8.2/../../../../lib64]
    arg [-L/lib/../lib64] ==> dir [/lib/../lib64]
    arg [-L/usr/lib/../lib64] ==> dir [/usr/lib/../lib64]
    arg [-L/home/christopher/packages/gcc/4.8.2/platform-linux/arch-x86_64/os-Fedora-22/lib/gcc/x86_64-unknown-linux-gnu/4.8.2/../../..] ==> dir [/home/christopher/packages/gcc/4.8.2/platform-linux/arch-x86_64/os-Fedora-22/lib/gcc/x86_64-unknown-linux-gnu/4.8.2/../../..]
    arg [CMakeFiles/cmTC_d493e.dir/CMakeCXXCompilerABI.cpp.o] ==> ignore
    arg [-lstdc++] ==> lib [stdc++]
    arg [-lm] ==> lib [m]
    arg [-lgcc_s] ==> lib [gcc_s]
    arg [-lgcc] ==> lib [gcc]
    arg [-lc] ==> lib [c]
    arg [-lgcc_s] ==> lib [gcc_s]
    arg [-lgcc] ==> lib [gcc]
    arg [/home/christopher/packages/gcc/4.8.2/platform-linux/arch-x86_64/os-Fedora-22/lib/gcc/x86_64-unknown-linux-gnu/4.8.2/crtend.o] ==> ignore
    arg [/lib/../lib64/crtn.o] ==> ignore
  remove lib [gcc_s]
  remove lib [gcc]
  remove lib [gcc_s]
  remove lib [gcc]
  collapse library dir [/home/christopher/packages/gcc/4.8.2/platform-linux/arch-x86_64/os-Fedora-22/lib/gcc/x86_64-unknown-linux-gnu/4.8.2] ==> [/home/christopher/packages/gcc/4.8.2/platform-linux/arch-x86_64/os-Fedora-22/lib/gcc/x86_64-unknown-linux-gnu/4.8.2]
  collapse library dir [/home/christopher/packages/gcc/4.8.2/platform-linux/arch-x86_64/os-Fedora-22/lib/gcc/x86_64-unknown-linux-gnu/4.8.2/../../../../lib64] ==> [/home/christopher/packages/gcc/4.8.2/platform-linux/arch-x86_64/os-Fedora-22/lib64]
  collapse library dir [/lib/../lib64] ==> [/lib64]
  collapse library dir [/usr/lib/../lib64] ==> [/usr/lib64]
  collapse library dir [/home/christopher/packages/gcc/4.8.2/platform-linux/arch-x86_64/os-Fedora-22/lib/gcc/x86_64-unknown-linux-gnu/4.8.2/../../..] ==> [/home/christopher/packages/gcc/4.8.2/platform-linux/arch-x86_64/os-Fedora-22/lib]
  implicit libs: [stdc++;m;c]
  implicit dirs: [/home/christopher/packages/gcc/4.8.2/platform-linux/arch-x86_64/os-Fedora-22/lib/gcc/x86_64-unknown-linux-gnu/4.8.2;/home/christopher/packages/gcc/4.8.2/platform-linux/arch-x86_64/os-Fedora-22/lib64;/lib64;/usr/lib64;/home/christopher/packages/gcc/4.8.2/platform-linux/arch-x86_64/os-Fedora-22/lib]
  implicit fwks: []




Detecting CXX [-std=c++1y] compiler features compiled with the following output:
Change Dir: /home/christopher/dev/github/rez_packages/pyilmbase/2.2.0/build/platform-linux/arch-x86_64/CMakeFiles/CMakeTmp

Run Build Command:"/usr/bin/gmake" "cmTC_f671d/fast"
/usr/bin/gmake -f CMakeFiles/cmTC_f671d.dir/build.make CMakeFiles/cmTC_f671d.dir/build
gmake[1]: Entering directory '/home/christopher/dev/github/rez_packages/pyilmbase/2.2.0/build/platform-linux/arch-x86_64/CMakeFiles/CMakeTmp'
Building CXX object CMakeFiles/cmTC_f671d.dir/feature_tests.cxx.o
/home/christopher/packages/gcc/4.8.2/platform-linux/arch-x86_64/os-Fedora-22/bin/g++    -std=c++1y -o CMakeFiles/cmTC_f671d.dir/feature_tests.cxx.o -c /home/christopher/dev/github/rez_packages/pyilmbase/2.2.0/build/platform-linux/arch-x86_64/CMakeFiles/feature_tests.cxx
Linking CXX executable cmTC_f671d
/usr/bin/cmake -E cmake_link_script CMakeFiles/cmTC_f671d.dir/link.txt --verbose=1
/home/christopher/packages/gcc/4.8.2/platform-linux/arch-x86_64/os-Fedora-22/bin/g++        CMakeFiles/cmTC_f671d.dir/feature_tests.cxx.o  -o cmTC_f671d -rdynamic 
gmake[1]: Leaving directory '/home/christopher/dev/github/rez_packages/pyilmbase/2.2.0/build/platform-linux/arch-x86_64/CMakeFiles/CMakeTmp'


    Feature record: CXX_FEATURE:0cxx_aggregate_default_initializers
    Feature record: CXX_FEATURE:1cxx_alias_templates
    Feature record: CXX_FEATURE:1cxx_alignas
    Feature record: CXX_FEATURE:1cxx_alignof
    Feature record: CXX_FEATURE:1cxx_attributes
    Feature record: CXX_FEATURE:0cxx_attribute_deprecated
    Feature record: CXX_FEATURE:1cxx_auto_type
    Feature record: CXX_FEATURE:0cxx_binary_literals
    Feature record: CXX_FEATURE:1cxx_constexpr
    Feature record: CXX_FEATURE:0cxx_contextual_conversions
    Feature record: CXX_FEATURE:1cxx_decltype
    Feature record: CXX_FEATURE:0cxx_decltype_auto
    Feature record: CXX_FEATURE:1cxx_decltype_incomplete_return_types
    Feature record: CXX_FEATURE:1cxx_default_function_template_args
    Feature record: CXX_FEATURE:1cxx_defaulted_functions
    Feature record: CXX_FEATURE:1cxx_defaulted_move_initializers
    Feature record: CXX_FEATURE:1cxx_delegating_constructors
    Feature record: CXX_FEATURE:1cxx_deleted_functions
    Feature record: CXX_FEATURE:0cxx_digit_separators
    Feature record: CXX_FEATURE:1cxx_enum_forward_declarations
    Feature record: CXX_FEATURE:1cxx_explicit_conversions
    Feature record: CXX_FEATURE:1cxx_extended_friend_declarations
    Feature record: CXX_FEATURE:1cxx_extern_templates
    Feature record: CXX_FEATURE:1cxx_final
    Feature record: CXX_FEATURE:1cxx_func_identifier
    Feature record: CXX_FEATURE:1cxx_generalized_initializers
    Feature record: CXX_FEATURE:0cxx_generic_lambdas
    Feature record: CXX_FEATURE:1cxx_inheriting_constructors
    Feature record: CXX_FEATURE:1cxx_inline_namespaces
    Feature record: CXX_FEATURE:1cxx_lambdas
    Feature record: CXX_FEATURE:0cxx_lambda_init_captures
    Feature record: CXX_FEATURE:1cxx_local_type_template_args
    Feature record: CXX_FEATURE:1cxx_long_long_type
    Feature record: CXX_FEATURE:1cxx_noexcept
    Feature record: CXX_FEATURE:1cxx_nonstatic_member_init
    Feature record: CXX_FEATURE:1cxx_nullptr
    Feature record: CXX_FEATURE:1cxx_override
    Feature record: CXX_FEATURE:1cxx_range_for
    Feature record: CXX_FEATURE:1cxx_raw_string_literals
    Feature record: CXX_FEATURE:1cxx_reference_qualified_functions
    Feature record: CXX_FEATURE:0cxx_relaxed_constexpr
    Feature record: CXX_FEATURE:0cxx_return_type_deduction
    Feature record: CXX_FEATURE:1cxx_right_angle_brackets
    Feature record: CXX_FEATURE:1cxx_rvalue_references
    Feature record: CXX_FEATURE:1cxx_sizeof_member
    Feature record: CXX_FEATURE:1cxx_static_assert
    Feature record: CXX_FEATURE:1cxx_strong_enums
    Feature record: CXX_FEATURE:1cxx_template_template_parameters
    Feature record: CXX_FEATURE:1cxx_thread_local
    Feature record: CXX_FEATURE:1cxx_trailing_return_types
    Feature record: CXX_FEATURE:1cxx_unicode_literals
    Feature record: CXX_FEATURE:1cxx_uniform_initialization
    Feature record: CXX_FEATURE:1cxx_unrestricted_unions
    Feature record: CXX_FEATURE:1cxx_user_literals
    Feature record: CXX_FEATURE:0cxx_variable_templates
    Feature record: CXX_FEATURE:1cxx_variadic_macros
    Feature record: CXX_FEATURE:1cxx_variadic_templates


Detecting CXX [-std=c++11] compiler features compiled with the following output:
Change Dir: /home/christopher/dev/github/rez_packages/pyilmbase/2.2.0/build/platform-linux/arch-x86_64/CMakeFiles/CMakeTmp

Run Build Command:"/usr/bin/gmake" "cmTC_3f62a/fast"
/usr/bin/gmake -f CMakeFiles/cmTC_3f62a.dir/build.make CMakeFiles/cmTC_3f62a.dir/build
gmake[1]: Entering directory '/home/christopher/dev/github/rez_packages/pyilmbase/2.2.0/build/platform-linux/arch-x86_64/CMakeFiles/CMakeTmp'
Building CXX object CMakeFiles/cmTC_3f62a.dir/feature_tests.cxx.o
/home/christopher/packages/gcc/4.8.2/platform-linux/arch-x86_64/os-Fedora-22/bin/g++    -std=c++11 -o CMakeFiles/cmTC_3f62a.dir/feature_tests.cxx.o -c /home/christopher/dev/github/rez_packages/pyilmbase/2.2.0/build/platform-linux/arch-x86_64/CMakeFiles/feature_tests.cxx
Linking CXX executable cmTC_3f62a
/usr/bin/cmake -E cmake_link_script CMakeFiles/cmTC_3f62a.dir/link.txt --verbose=1
/home/christopher/packages/gcc/4.8.2/platform-linux/arch-x86_64/os-Fedora-22/bin/g++        CMakeFiles/cmTC_3f62a.dir/feature_tests.cxx.o  -o cmTC_3f62a -rdynamic 
gmake[1]: Leaving directory '/home/christopher/dev/github/rez_packages/pyilmbase/2.2.0/build/platform-linux/arch-x86_64/CMakeFiles/CMakeTmp'


    Feature record: CXX_FEATURE:0cxx_aggregate_default_initializers
    Feature record: CXX_FEATURE:1cxx_alias_templates
    Feature record: CXX_FEATURE:1cxx_alignas
    Feature record: CXX_FEATURE:1cxx_alignof
    Feature record: CXX_FEATURE:1cxx_attributes
    Feature record: CXX_FEATURE:0cxx_attribute_deprecated
    Feature record: CXX_FEATURE:1cxx_auto_type
    Feature record: CXX_FEATURE:0cxx_binary_literals
    Feature record: CXX_FEATURE:1cxx_constexpr
    Feature record: CXX_FEATURE:0cxx_contextual_conversions
    Feature record: CXX_FEATURE:1cxx_decltype
    Feature record: CXX_FEATURE:0cxx_decltype_auto
    Feature record: CXX_FEATURE:1cxx_decltype_incomplete_return_types
    Feature record: CXX_FEATURE:1cxx_default_function_template_args
    Feature record: CXX_FEATURE:1cxx_defaulted_functions
    Feature record: CXX_FEATURE:1cxx_defaulted_move_initializers
    Feature record: CXX_FEATURE:1cxx_delegating_constructors
    Feature record: CXX_FEATURE:1cxx_deleted_functions
    Feature record: CXX_FEATURE:0cxx_digit_separators
    Feature record: CXX_FEATURE:1cxx_enum_forward_declarations
    Feature record: CXX_FEATURE:1cxx_explicit_conversions
    Feature record: CXX_FEATURE:1cxx_extended_friend_declarations
    Feature record: CXX_FEATURE:1cxx_extern_templates
    Feature record: CXX_FEATURE:1cxx_final
    Feature record: CXX_FEATURE:1cxx_func_identifier
    Feature record: CXX_FEATURE:1cxx_generalized_initializers
    Feature record: CXX_FEATURE:0cxx_generic_lambdas
    Feature record: CXX_FEATURE:1cxx_inheriting_constructors
    Feature record: CXX_FEATURE:1cxx_inline_namespaces
    Feature record: CXX_FEATURE:1cxx_lambdas
    Feature record: CXX_FEATURE:0cxx_lambda_init_captures
    Feature record: CXX_FEATURE:1cxx_local_type_template_args
    Feature record: CXX_FEATURE:1cxx_long_long_type
    Feature record: CXX_FEATURE:1cxx_noexcept
    Feature record: CXX_FEATURE:1cxx_nonstatic_member_init
    Feature record: CXX_FEATURE:1cxx_nullptr
    Feature record: CXX_FEATURE:1cxx_override
    Feature record: CXX_FEATURE:1cxx_range_for
    Feature record: CXX_FEATURE:1cxx_raw_string_literals
    Feature record: CXX_FEATURE:1cxx_reference_qualified_functions
    Feature record: CXX_FEATURE:0cxx_relaxed_constexpr
    Feature record: CXX_FEATURE:0cxx_return_type_deduction
    Feature record: CXX_FEATURE:1cxx_right_angle_brackets
    Feature record: CXX_FEATURE:1cxx_rvalue_references
    Feature record: CXX_FEATURE:1cxx_sizeof_member
    Feature record: CXX_FEATURE:1cxx_static_assert
    Feature record: CXX_FEATURE:1cxx_strong_enums
    Feature record: CXX_FEATURE:1cxx_template_template_parameters
    Feature record: CXX_FEATURE:1cxx_thread_local
    Feature record: CXX_FEATURE:1cxx_trailing_return_types
    Feature record: CXX_FEATURE:1cxx_unicode_literals
    Feature record: CXX_FEATURE:1cxx_uniform_initialization
    Feature record: CXX_FEATURE:1cxx_unrestricted_unions
    Feature record: CXX_FEATURE:1cxx_user_literals
    Feature record: CXX_FEATURE:0cxx_variable_templates
    Feature record: CXX_FEATURE:1cxx_variadic_macros
    Feature record: CXX_FEATURE:1cxx_variadic_templates


Detecting CXX [-std=c++98] compiler features compiled with the following output:
Change Dir: /home/christopher/dev/github/rez_packages/pyilmbase/2.2.0/build/platform-linux/arch-x86_64/CMakeFiles/CMakeTmp

Run Build Command:"/usr/bin/gmake" "cmTC_97501/fast"
/usr/bin/gmake -f CMakeFiles/cmTC_97501.dir/build.make CMakeFiles/cmTC_97501.dir/build
gmake[1]: Entering directory '/home/christopher/dev/github/rez_packages/pyilmbase/2.2.0/build/platform-linux/arch-x86_64/CMakeFiles/CMakeTmp'
Building CXX object CMakeFiles/cmTC_97501.dir/feature_tests.cxx.o
/home/christopher/packages/gcc/4.8.2/platform-linux/arch-x86_64/os-Fedora-22/bin/g++    -std=c++98 -o CMakeFiles/cmTC_97501.dir/feature_tests.cxx.o -c /home/christopher/dev/github/rez_packages/pyilmbase/2.2.0/build/platform-linux/arch-x86_64/CMakeFiles/feature_tests.cxx
Linking CXX executable cmTC_97501
/usr/bin/cmake -E cmake_link_script CMakeFiles/cmTC_97501.dir/link.txt --verbose=1
/home/christopher/packages/gcc/4.8.2/platform-linux/arch-x86_64/os-Fedora-22/bin/g++        CMakeFiles/cmTC_97501.dir/feature_tests.cxx.o  -o cmTC_97501 -rdynamic 
gmake[1]: Leaving directory '/home/christopher/dev/github/rez_packages/pyilmbase/2.2.0/build/platform-linux/arch-x86_64/CMakeFiles/CMakeTmp'


    Feature record: CXX_FEATURE:0cxx_aggregate_default_initializers
    Feature record: CXX_FEATURE:0cxx_alias_templates
    Feature record: CXX_FEATURE:0cxx_alignas
    Feature record: CXX_FEATURE:0cxx_alignof
    Feature record: CXX_FEATURE:0cxx_attributes
    Feature record: CXX_FEATURE:0cxx_attribute_deprecated
    Feature record: CXX_FEATURE:0cxx_auto_type
    Feature record: CXX_FEATURE:0cxx_binary_literals
    Feature record: CXX_FEATURE:0cxx_constexpr
    Feature record: CXX_FEATURE:0cxx_contextual_conversions
    Feature record: CXX_FEATURE:0cxx_decltype
    Feature record: CXX_FEATURE:0cxx_decltype_auto
    Feature record: CXX_FEATURE:0cxx_decltype_incomplete_return_types
    Feature record: CXX_FEATURE:0cxx_default_function_template_args
    Feature record: CXX_FEATURE:0cxx_defaulted_functions
    Feature record: CXX_FEATURE:0cxx_defaulted_move_initializers
    Feature record: CXX_FEATURE:0cxx_delegating_constructors
    Feature record: CXX_FEATURE:0cxx_deleted_functions
    Feature record: CXX_FEATURE:0cxx_digit_separators
    Feature record: CXX_FEATURE:0cxx_enum_forward_declarations
    Feature record: CXX_FEATURE:0cxx_explicit_conversions
    Feature record: CXX_FEATURE:0cxx_extended_friend_declarations
    Feature record: CXX_FEATURE:0cxx_extern_templates
    Feature record: CXX_FEATURE:0cxx_final
    Feature record: CXX_FEATURE:0cxx_func_identifier
    Feature record: CXX_FEATURE:0cxx_generalized_initializers
    Feature record: CXX_FEATURE:0cxx_generic_lambdas
    Feature record: CXX_FEATURE:0cxx_inheriting_constructors
    Feature record: CXX_FEATURE:0cxx_inline_namespaces
    Feature record: CXX_FEATURE:0cxx_lambdas
    Feature record: CXX_FEATURE:0cxx_lambda_init_captures
    Feature record: CXX_FEATURE:0cxx_local_type_template_args
    Feature record: CXX_FEATURE:0cxx_long_long_type
    Feature record: CXX_FEATURE:0cxx_noexcept
    Feature record: CXX_FEATURE:0cxx_nonstatic_member_init
    Feature record: CXX_FEATURE:0cxx_nullptr
    Feature record: CXX_FEATURE:0cxx_override
    Feature record: CXX_FEATURE:0cxx_range_for
    Feature record: CXX_FEATURE:0cxx_raw_string_literals
    Feature record: CXX_FEATURE:0cxx_reference_qualified_functions
    Feature record: CXX_FEATURE:0cxx_relaxed_constexpr
    Feature record: CXX_FEATURE:0cxx_return_type_deduction
    Feature record: CXX_FEATURE:0cxx_right_angle_brackets
    Feature record: CXX_FEATURE:0cxx_rvalue_references
    Feature record: CXX_FEATURE:0cxx_sizeof_member
    Feature record: CXX_FEATURE:0cxx_static_assert
    Feature record: CXX_FEATURE:0cxx_strong_enums
    Feature record: CXX_FEATURE:1cxx_template_template_parameters
    Feature record: CXX_FEATURE:0cxx_thread_local
    Feature record: CXX_FEATURE:0cxx_trailing_return_types
    Feature record: CXX_FEATURE:0cxx_unicode_literals
    Feature record: CXX_FEATURE:0cxx_uniform_initialization
    Feature record: CXX_FEATURE:0cxx_unrestricted_unions
    Feature record: CXX_FEATURE:0cxx_user_literals
    Feature record: CXX_FEATURE:0cxx_variable_templates
    Feature record: CXX_FEATURE:0cxx_variadic_macros
    Feature record: CXX_FEATURE:0cxx_variadic_templates
