This file contains any messages produced by compilers while
running configure, to aid debugging if configure makes a mistake.

It was created by PyIlmBase configure 2.2.0, which was
generated by GNU Autoconf 2.63.  Invocation command line was

  $ ./configure --prefix=/home/christopher/packages/pyilmbase/2.2.0/platform-linux/arch-x86_64 --with-pic --disable-debug -enable-static=yes --enable-shared=no --with-ilmbase-prefix=/home/christopher/packages/ilmbase/2.2.0/platform-linux/arch-x86_64

## --------- ##
## Platform. ##
## --------- ##

hostname = linux-desktop
uname -m = x86_64
uname -r = 4.2.3-200.fc22.x86_64
uname -s = Linux
uname -v = #1 SMP Thu Oct 8 03:23:55 UTC 2015

/usr/bin/uname -p = x86_64
/bin/uname -X     = unknown

/bin/arch              = x86_64
/usr/bin/arch -k       = unknown
/usr/convex/getsysinfo = unknown
/usr/bin/hostinfo      = unknown
/bin/machine           = unknown
/usr/bin/oslevel       = unknown
/bin/universe          = unknown

PATH: /home/christopher/packages/python/2.7.10/platform-linux/arch-x86_64/os-Fedora-22/bin
PATH: /home/christopher/packages/gcc/4.8.2/platform-linux/arch-x86_64/os-Fedora-22/bin
PATH: /usr/local/bin
PATH: /usr/bin
PATH: /bin
PATH: /opt/rez/bin/rez


## ----------- ##
## Core tests. ##
## ----------- ##

configure:2117: checking build system type
configure:2135: result: x86_64-unknown-linux-gnu
configure:2157: checking host system type
configure:2172: result: x86_64-unknown-linux-gnu
configure:2213: checking for a BSD-compatible install
configure:2281: result: /usr/bin/install -c
configure:2292: checking whether build environment is sane
configure:2352: result: yes
configure:2493: checking for a thread-safe mkdir -p
configure:2532: result: /usr/bin/mkdir -p
configure:2545: checking for gawk
configure:2561: found /usr/bin/gawk
configure:2572: result: gawk
configure:2583: checking whether make sets $(MAKE)
configure:2605: result: yes
configure:2687: checking whether to enable maintainer-specific portions of Makefiles
configure:2696: result: no
configure:2860: checking for C++ compiler version
configure:2868: /home/christopher/packages/gcc/4.8.2/platform-linux/arch-x86_64/os-Fedora-22/bin/g++ --version >&5
g++ (GCC) 4.8.2
Copyright (C) 2013 Free Software Foundation, Inc.
This is free software; see the source for copying conditions.  There is NO
warranty; not even for MERCHANTABILITY or FITNESS FOR A PARTICULAR PURPOSE.

configure:2872: $? = 0
configure:2879: /home/christopher/packages/gcc/4.8.2/platform-linux/arch-x86_64/os-Fedora-22/bin/g++ -v >&5
Using built-in specs.
COLLECT_GCC=/home/christopher/packages/gcc/4.8.2/platform-linux/arch-x86_64/os-Fedora-22/bin/g++
COLLECT_LTO_WRAPPER=/home/christopher/packages/gcc/4.8.2/platform-linux/arch-x86_64/os-Fedora-22/libexec/gcc/x86_64-unknown-linux-gnu/4.8.2/lto-wrapper
Target: x86_64-unknown-linux-gnu
Configured with: ../gcc-4.8.2/configure --prefix=/home/christopher/packages/gcc/4.8.2/platform-linux/arch-x86_64/os-Fedora-22 --enable-languages=c,c++,fortran,objc --with-pic --enable-shared --enable-static --enable-threads=posix --enable-__cxa_atexit --enable-clocale=gnu --with-libelf=/usr/include --disable-multilib --disable-bootstrap --disable-install-libiberty --with-system-zlib
Thread model: posix
gcc version 4.8.2 (GCC) 
configure:2883: $? = 0
configure:2890: /home/christopher/packages/gcc/4.8.2/platform-linux/arch-x86_64/os-Fedora-22/bin/g++ -V >&5
g++: error: unrecognized command line option '-V'
g++: fatal error: no input files
compilation terminated.
configure:2894: $? = 1
configure:2917: checking for C++ compiler default output file name
configure:2939: /home/christopher/packages/gcc/4.8.2/platform-linux/arch-x86_64/os-Fedora-22/bin/g++    conftest.cpp  >&5
configure:2943: $? = 0
configure:2981: result: a.out
configure:3000: checking whether the C++ compiler works
configure:3010: ./a.out
configure:3014: $? = 0
configure:3033: result: yes
configure:3040: checking whether we are cross compiling
configure:3042: result: no
configure:3045: checking for suffix of executables
configure:3052: /home/christopher/packages/gcc/4.8.2/platform-linux/arch-x86_64/os-Fedora-22/bin/g++ -o conftest    conftest.cpp  >&5
configure:3056: $? = 0
configure:3082: result: 
configure:3088: checking for suffix of object files
configure:3114: /home/christopher/packages/gcc/4.8.2/platform-linux/arch-x86_64/os-Fedora-22/bin/g++ -c   conftest.cpp >&5
configure:3118: $? = 0
configure:3143: result: o
configure:3147: checking whether we are using the GNU C++ compiler
configure:3176: /home/christopher/packages/gcc/4.8.2/platform-linux/arch-x86_64/os-Fedora-22/bin/g++ -c   conftest.cpp >&5
configure:3183: $? = 0
configure:3200: result: yes
configure:3209: checking whether /home/christopher/packages/gcc/4.8.2/platform-linux/arch-x86_64/os-Fedora-22/bin/g++ accepts -g
configure:3239: /home/christopher/packages/gcc/4.8.2/platform-linux/arch-x86_64/os-Fedora-22/bin/g++ -c -g  conftest.cpp >&5
configure:3246: $? = 0
configure:3347: result: yes
configure:3381: checking for style of include used by make
configure:3409: result: GNU
configure:3434: checking dependency style of /home/christopher/packages/gcc/4.8.2/platform-linux/arch-x86_64/os-Fedora-22/bin/g++
configure:3544: result: gcc3
configure:3573: checking for a BSD-compatible install
configure:3641: result: /usr/bin/install -c
configure:3652: checking whether ln -s works
configure:3656: result: yes
configure:3736: checking for gcc
configure:3763: result: /home/christopher/packages/gcc/4.8.2/platform-linux/arch-x86_64/os-Fedora-22/bin/gcc
configure:3995: checking for C compiler version
configure:4003: /home/christopher/packages/gcc/4.8.2/platform-linux/arch-x86_64/os-Fedora-22/bin/gcc --version >&5
gcc (GCC) 4.8.2
Copyright (C) 2013 Free Software Foundation, Inc.
This is free software; see the source for copying conditions.  There is NO
warranty; not even for MERCHANTABILITY or FITNESS FOR A PARTICULAR PURPOSE.

configure:4007: $? = 0
configure:4014: /home/christopher/packages/gcc/4.8.2/platform-linux/arch-x86_64/os-Fedora-22/bin/gcc -v >&5
Using built-in specs.
COLLECT_GCC=/home/christopher/packages/gcc/4.8.2/platform-linux/arch-x86_64/os-Fedora-22/bin/gcc
COLLECT_LTO_WRAPPER=/home/christopher/packages/gcc/4.8.2/platform-linux/arch-x86_64/os-Fedora-22/libexec/gcc/x86_64-unknown-linux-gnu/4.8.2/lto-wrapper
Target: x86_64-unknown-linux-gnu
Configured with: ../gcc-4.8.2/configure --prefix=/home/christopher/packages/gcc/4.8.2/platform-linux/arch-x86_64/os-Fedora-22 --enable-languages=c,c++,fortran,objc --with-pic --enable-shared --enable-static --enable-threads=posix --enable-__cxa_atexit --enable-clocale=gnu --with-libelf=/usr/include --disable-multilib --disable-bootstrap --disable-install-libiberty --with-system-zlib
Thread model: posix
gcc version 4.8.2 (GCC) 
configure:4018: $? = 0
configure:4025: /home/christopher/packages/gcc/4.8.2/platform-linux/arch-x86_64/os-Fedora-22/bin/gcc -V >&5
gcc: error: unrecognized command line option '-V'
gcc: fatal error: no input files
compilation terminated.
configure:4029: $? = 1
configure:4032: checking whether we are using the GNU C compiler
configure:4061: /home/christopher/packages/gcc/4.8.2/platform-linux/arch-x86_64/os-Fedora-22/bin/gcc -c   conftest.c >&5
configure:4068: $? = 0
configure:4085: result: yes
configure:4094: checking whether /home/christopher/packages/gcc/4.8.2/platform-linux/arch-x86_64/os-Fedora-22/bin/gcc accepts -g
configure:4124: /home/christopher/packages/gcc/4.8.2/platform-linux/arch-x86_64/os-Fedora-22/bin/gcc -c -g  conftest.c >&5
configure:4131: $? = 0
configure:4232: result: yes
configure:4249: checking for /home/christopher/packages/gcc/4.8.2/platform-linux/arch-x86_64/os-Fedora-22/bin/gcc option to accept ISO C89
configure:4323: /home/christopher/packages/gcc/4.8.2/platform-linux/arch-x86_64/os-Fedora-22/bin/gcc  -c -g -O2  conftest.c >&5
configure:4330: $? = 0
configure:4353: result: none needed
configure:4373: checking dependency style of /home/christopher/packages/gcc/4.8.2/platform-linux/arch-x86_64/os-Fedora-22/bin/gcc
configure:4483: result: gcc3
configure:4498: checking for a sed that does not truncate output
configure:4564: result: /usr/bin/sed
configure:4582: checking for grep that handles long lines and -e
configure:4642: result: /usr/bin/grep
configure:4647: checking for egrep
configure:4711: result: /usr/bin/grep -E
configure:4716: checking for fgrep
configure:4780: result: /usr/bin/grep -F
configure:4815: checking for ld used by /home/christopher/packages/gcc/4.8.2/platform-linux/arch-x86_64/os-Fedora-22/bin/gcc
configure:4882: result: /usr/bin/ld
configure:4891: checking if the linker (/usr/bin/ld) is GNU ld
configure:4906: result: yes
configure:4918: checking for BSD- or MS-compatible name lister (nm)
configure:4967: result: /usr/bin/nm -B
configure:5085: checking the name lister (/usr/bin/nm -B) interface
configure:5092: /home/christopher/packages/gcc/4.8.2/platform-linux/arch-x86_64/os-Fedora-22/bin/gcc -c -g -O2  conftest.c >&5
configure:5095: /usr/bin/nm -B "conftest.o"
configure:5098: output
0000000000000000 B some_variable
configure:5105: result: BSD nm
configure:5109: checking the maximum length of command line arguments
configure:5229: result: 1572864
configure:5246: checking whether the shell understands some XSI constructs
configure:5256: result: yes
configure:5260: checking whether the shell understands "+="
configure:5266: result: yes
configure:5301: checking for /usr/bin/ld option to reload object files
configure:5308: result: -r
configure:5377: checking for objdump
configure:5393: found /usr/bin/objdump
configure:5404: result: objdump
configure:5436: checking how to recognize dependent libraries
configure:5632: result: pass_all
configure:5692: checking for ar
configure:5708: found /usr/bin/ar
configure:5719: result: ar
configure:5797: checking for strip
configure:5813: found /usr/bin/strip
configure:5824: result: strip
configure:5896: checking for ranlib
configure:5912: found /usr/bin/ranlib
configure:5923: result: ranlib
configure:6013: checking command to parse /usr/bin/nm -B output from /home/christopher/packages/gcc/4.8.2/platform-linux/arch-x86_64/os-Fedora-22/bin/gcc object
configure:6131: /home/christopher/packages/gcc/4.8.2/platform-linux/arch-x86_64/os-Fedora-22/bin/gcc -c -g -O2  conftest.c >&5
configure:6134: $? = 0
configure:6138: /usr/bin/nm -B conftest.o \| sed -n -e 's/^.*[	 ]\([ABCDGIRSTW][ABCDGIRSTW]*\)[	 ][	 ]*\([_A-Za-z][_A-Za-z0-9]*\)$/\1 \2 \2/p' \> conftest.nm
configure:6141: $? = 0
configure:6195: /home/christopher/packages/gcc/4.8.2/platform-linux/arch-x86_64/os-Fedora-22/bin/gcc -o conftest -g -O2   conftest.c conftstm.o >&5
configure:6198: $? = 0
configure:6236: result: ok
configure:6332: /home/christopher/packages/gcc/4.8.2/platform-linux/arch-x86_64/os-Fedora-22/bin/gcc -c -g -O2  conftest.c >&5
configure:6335: $? = 0
configure:7103: checking how to run the C preprocessor
configure:7143: /home/christopher/packages/gcc/4.8.2/platform-linux/arch-x86_64/os-Fedora-22/bin/gcc -E  conftest.c
configure:7150: $? = 0
configure:7181: /home/christopher/packages/gcc/4.8.2/platform-linux/arch-x86_64/os-Fedora-22/bin/gcc -E  conftest.c
conftest.c:10:28: fatal error: ac_nonexistent.h: No such file or directory
 #include <ac_nonexistent.h>
                            ^
compilation terminated.
configure:7188: $? = 1
configure: failed program was:
| /* confdefs.h.  */
| #define PACKAGE_NAME "PyIlmBase"
| #define PACKAGE_TARNAME "pyilmbase"
| #define PACKAGE_VERSION "2.2.0"
| #define PACKAGE_STRING "PyIlmBase 2.2.0"
| #define PACKAGE_BUGREPORT ""
| #define PACKAGE "pyilmbase"
| #define VERSION "2.2.0"
| /* end confdefs.h.  */
| #include <ac_nonexistent.h>
configure:7221: result: /home/christopher/packages/gcc/4.8.2/platform-linux/arch-x86_64/os-Fedora-22/bin/gcc -E
configure:7250: /home/christopher/packages/gcc/4.8.2/platform-linux/arch-x86_64/os-Fedora-22/bin/gcc -E  conftest.c
configure:7257: $? = 0
configure:7288: /home/christopher/packages/gcc/4.8.2/platform-linux/arch-x86_64/os-Fedora-22/bin/gcc -E  conftest.c
conftest.c:10:28: fatal error: ac_nonexistent.h: No such file or directory
 #include <ac_nonexistent.h>
                            ^
compilation terminated.
configure:7295: $? = 1
configure: failed program was:
| /* confdefs.h.  */
| #define PACKAGE_NAME "PyIlmBase"
| #define PACKAGE_TARNAME "pyilmbase"
| #define PACKAGE_VERSION "2.2.0"
| #define PACKAGE_STRING "PyIlmBase 2.2.0"
| #define PACKAGE_BUGREPORT ""
| #define PACKAGE "pyilmbase"
| #define VERSION "2.2.0"
| /* end confdefs.h.  */
| #include <ac_nonexistent.h>
configure:7335: checking for ANSI C header files
configure:7365: /home/christopher/packages/gcc/4.8.2/platform-linux/arch-x86_64/os-Fedora-22/bin/gcc -c -g -O2  conftest.c >&5
configure:7372: $? = 0
configure:7471: /home/christopher/packages/gcc/4.8.2/platform-linux/arch-x86_64/os-Fedora-22/bin/gcc -o conftest -g -O2   conftest.c  >&5
configure:7475: $? = 0
configure:7481: ./conftest
configure:7485: $? = 0
configure:7503: result: yes
configure:7527: checking for sys/types.h
configure:7548: /home/christopher/packages/gcc/4.8.2/platform-linux/arch-x86_64/os-Fedora-22/bin/gcc -c -g -O2  conftest.c >&5
configure:7555: $? = 0
configure:7572: result: yes
configure:7527: checking for sys/stat.h
configure:7548: /home/christopher/packages/gcc/4.8.2/platform-linux/arch-x86_64/os-Fedora-22/bin/gcc -c -g -O2  conftest.c >&5
configure:7555: $? = 0
configure:7572: result: yes
configure:7527: checking for stdlib.h
configure:7548: /home/christopher/packages/gcc/4.8.2/platform-linux/arch-x86_64/os-Fedora-22/bin/gcc -c -g -O2  conftest.c >&5
configure:7555: $? = 0
configure:7572: result: yes
configure:7527: checking for string.h
configure:7548: /home/christopher/packages/gcc/4.8.2/platform-linux/arch-x86_64/os-Fedora-22/bin/gcc -c -g -O2  conftest.c >&5
configure:7555: $? = 0
configure:7572: result: yes
configure:7527: checking for memory.h
configure:7548: /home/christopher/packages/gcc/4.8.2/platform-linux/arch-x86_64/os-Fedora-22/bin/gcc -c -g -O2  conftest.c >&5
configure:7555: $? = 0
configure:7572: result: yes
configure:7527: checking for strings.h
configure:7548: /home/christopher/packages/gcc/4.8.2/platform-linux/arch-x86_64/os-Fedora-22/bin/gcc -c -g -O2  conftest.c >&5
configure:7555: $? = 0
configure:7572: result: yes
configure:7527: checking for inttypes.h
configure:7548: /home/christopher/packages/gcc/4.8.2/platform-linux/arch-x86_64/os-Fedora-22/bin/gcc -c -g -O2  conftest.c >&5
configure:7555: $? = 0
configure:7572: result: yes
configure:7527: checking for stdint.h
configure:7548: /home/christopher/packages/gcc/4.8.2/platform-linux/arch-x86_64/os-Fedora-22/bin/gcc -c -g -O2  conftest.c >&5
configure:7555: $? = 0
configure:7572: result: yes
configure:7527: checking for unistd.h
configure:7548: /home/christopher/packages/gcc/4.8.2/platform-linux/arch-x86_64/os-Fedora-22/bin/gcc -c -g -O2  conftest.c >&5
configure:7555: $? = 0
configure:7572: result: yes
configure:7590: checking for dlfcn.h
configure:7611: /home/christopher/packages/gcc/4.8.2/platform-linux/arch-x86_64/os-Fedora-22/bin/gcc -c -g -O2  conftest.c >&5
configure:7618: $? = 0
configure:7635: result: yes
configure:7762: checking for C++ compiler version
configure:7770: /home/christopher/packages/gcc/4.8.2/platform-linux/arch-x86_64/os-Fedora-22/bin/g++ --version >&5
g++ (GCC) 4.8.2
Copyright (C) 2013 Free Software Foundation, Inc.
This is free software; see the source for copying conditions.  There is NO
warranty; not even for MERCHANTABILITY or FITNESS FOR A PARTICULAR PURPOSE.

configure:7774: $? = 0
configure:7781: /home/christopher/packages/gcc/4.8.2/platform-linux/arch-x86_64/os-Fedora-22/bin/g++ -v >&5
Using built-in specs.
COLLECT_GCC=/home/christopher/packages/gcc/4.8.2/platform-linux/arch-x86_64/os-Fedora-22/bin/g++
COLLECT_LTO_WRAPPER=/home/christopher/packages/gcc/4.8.2/platform-linux/arch-x86_64/os-Fedora-22/libexec/gcc/x86_64-unknown-linux-gnu/4.8.2/lto-wrapper
Target: x86_64-unknown-linux-gnu
Configured with: ../gcc-4.8.2/configure --prefix=/home/christopher/packages/gcc/4.8.2/platform-linux/arch-x86_64/os-Fedora-22 --enable-languages=c,c++,fortran,objc --with-pic --enable-shared --enable-static --enable-threads=posix --enable-__cxa_atexit --enable-clocale=gnu --with-libelf=/usr/include --disable-multilib --disable-bootstrap --disable-install-libiberty --with-system-zlib
Thread model: posix
gcc version 4.8.2 (GCC) 
configure:7785: $? = 0
configure:7792: /home/christopher/packages/gcc/4.8.2/platform-linux/arch-x86_64/os-Fedora-22/bin/g++ -V >&5
g++: error: unrecognized command line option '-V'
g++: fatal error: no input files
compilation terminated.
configure:7796: $? = 1
configure:7799: checking whether we are using the GNU C++ compiler
configure:7852: result: yes
configure:7861: checking whether /home/christopher/packages/gcc/4.8.2/platform-linux/arch-x86_64/os-Fedora-22/bin/g++ accepts -g
configure:7999: result: yes
configure:8024: checking dependency style of /home/christopher/packages/gcc/4.8.2/platform-linux/arch-x86_64/os-Fedora-22/bin/g++
configure:8134: result: gcc3
configure:8157: checking how to run the C++ preprocessor
configure:8193: /home/christopher/packages/gcc/4.8.2/platform-linux/arch-x86_64/os-Fedora-22/bin/g++ -E  conftest.cpp
configure:8200: $? = 0
configure:8231: /home/christopher/packages/gcc/4.8.2/platform-linux/arch-x86_64/os-Fedora-22/bin/g++ -E  conftest.cpp
conftest.cpp:21:28: fatal error: ac_nonexistent.h: No such file or directory
 #include <ac_nonexistent.h>
                            ^
compilation terminated.
configure:8238: $? = 1
configure: failed program was:
| /* confdefs.h.  */
| #define PACKAGE_NAME "PyIlmBase"
| #define PACKAGE_TARNAME "pyilmbase"
| #define PACKAGE_VERSION "2.2.0"
| #define PACKAGE_STRING "PyIlmBase 2.2.0"
| #define PACKAGE_BUGREPORT ""
| #define PACKAGE "pyilmbase"
| #define VERSION "2.2.0"
| #define STDC_HEADERS 1
| #define HAVE_SYS_TYPES_H 1
| #define HAVE_SYS_STAT_H 1
| #define HAVE_STDLIB_H 1
| #define HAVE_STRING_H 1
| #define HAVE_MEMORY_H 1
| #define HAVE_STRINGS_H 1
| #define HAVE_INTTYPES_H 1
| #define HAVE_STDINT_H 1
| #define HAVE_UNISTD_H 1
| #define HAVE_DLFCN_H 1
| /* end confdefs.h.  */
| #include <ac_nonexistent.h>
configure:8271: result: /home/christopher/packages/gcc/4.8.2/platform-linux/arch-x86_64/os-Fedora-22/bin/g++ -E
configure:8300: /home/christopher/packages/gcc/4.8.2/platform-linux/arch-x86_64/os-Fedora-22/bin/g++ -E  conftest.cpp
configure:8307: $? = 0
configure:8338: /home/christopher/packages/gcc/4.8.2/platform-linux/arch-x86_64/os-Fedora-22/bin/g++ -E  conftest.cpp
conftest.cpp:21:28: fatal error: ac_nonexistent.h: No such file or directory
 #include <ac_nonexistent.h>
                            ^
compilation terminated.
configure:8345: $? = 1
configure: failed program was:
| /* confdefs.h.  */
| #define PACKAGE_NAME "PyIlmBase"
| #define PACKAGE_TARNAME "pyilmbase"
| #define PACKAGE_VERSION "2.2.0"
| #define PACKAGE_STRING "PyIlmBase 2.2.0"
| #define PACKAGE_BUGREPORT ""
| #define PACKAGE "pyilmbase"
| #define VERSION "2.2.0"
| #define STDC_HEADERS 1
| #define HAVE_SYS_TYPES_H 1
| #define HAVE_SYS_STAT_H 1
| #define HAVE_STDLIB_H 1
| #define HAVE_STRING_H 1
| #define HAVE_MEMORY_H 1
| #define HAVE_STRINGS_H 1
| #define HAVE_INTTYPES_H 1
| #define HAVE_STDINT_H 1
| #define HAVE_UNISTD_H 1
| #define HAVE_DLFCN_H 1
| /* end confdefs.h.  */
| #include <ac_nonexistent.h>
configure:8529: checking for objdir
configure:8544: result: .libs
configure:8836: checking if /home/christopher/packages/gcc/4.8.2/platform-linux/arch-x86_64/os-Fedora-22/bin/gcc supports -fno-rtti -fno-exceptions
configure:8854: /home/christopher/packages/gcc/4.8.2/platform-linux/arch-x86_64/os-Fedora-22/bin/gcc -c -g -O2  -fno-rtti -fno-exceptions conftest.c >&5
cc1: warning: command line option '-fno-rtti' is valid for C++/ObjC++ but not for C [enabled by default]
configure:8858: $? = 0
configure:8871: result: no
configure:8891: checking for /home/christopher/packages/gcc/4.8.2/platform-linux/arch-x86_64/os-Fedora-22/bin/gcc option to produce PIC
configure:9163: result: -fPIC -DPIC
configure:9175: checking if /home/christopher/packages/gcc/4.8.2/platform-linux/arch-x86_64/os-Fedora-22/bin/gcc PIC flag -fPIC -DPIC works
configure:9193: /home/christopher/packages/gcc/4.8.2/platform-linux/arch-x86_64/os-Fedora-22/bin/gcc -c -g -O2  -fPIC -DPIC -DPIC conftest.c >&5
configure:9197: $? = 0
configure:9210: result: yes
configure:9234: checking if /home/christopher/packages/gcc/4.8.2/platform-linux/arch-x86_64/os-Fedora-22/bin/gcc static flag -static works
configure:9262: result: yes
configure:9277: checking if /home/christopher/packages/gcc/4.8.2/platform-linux/arch-x86_64/os-Fedora-22/bin/gcc supports -c -o file.o
configure:9298: /home/christopher/packages/gcc/4.8.2/platform-linux/arch-x86_64/os-Fedora-22/bin/gcc -c -g -O2  -o out/conftest2.o conftest.c >&5
configure:9302: $? = 0
configure:9324: result: yes
configure:9332: checking if /home/christopher/packages/gcc/4.8.2/platform-linux/arch-x86_64/os-Fedora-22/bin/gcc supports -c -o file.o
configure:9379: result: yes
configure:9412: checking whether the /home/christopher/packages/gcc/4.8.2/platform-linux/arch-x86_64/os-Fedora-22/bin/gcc linker (/usr/bin/ld -m elf_x86_64) supports shared libraries
configure:10486: result: yes
configure:10725: checking dynamic linker characteristics
configure:11168: /home/christopher/packages/gcc/4.8.2/platform-linux/arch-x86_64/os-Fedora-22/bin/gcc -o conftest -g -O2   -Wl,-rpath -Wl,/foo conftest.c  >&5
configure:11175: $? = 0
configure:11411: result: GNU/Linux ld.so
configure:11513: checking how to hardcode library paths into programs
configure:11538: result: immediate
configure:12371: checking whether stripping libraries is possible
configure:12376: result: yes
configure:12411: checking if libtool supports shared libraries
configure:12413: result: yes
configure:12416: checking whether to build shared libraries
configure:12437: result: no
configure:12440: checking whether to build static libraries
configure:12444: result: yes
configure:12594: checking for ld used by /home/christopher/packages/gcc/4.8.2/platform-linux/arch-x86_64/os-Fedora-22/bin/g++
configure:12661: result: /usr/bin/ld -m elf_x86_64
configure:12670: checking if the linker (/usr/bin/ld -m elf_x86_64) is GNU ld
configure:12685: result: yes
configure:12740: checking whether the /home/christopher/packages/gcc/4.8.2/platform-linux/arch-x86_64/os-Fedora-22/bin/g++ linker (/usr/bin/ld -m elf_x86_64) supports shared libraries
configure:13715: result: yes
configure:13743: /home/christopher/packages/gcc/4.8.2/platform-linux/arch-x86_64/os-Fedora-22/bin/g++ -c -g -O2  conftest.cpp >&5
configure:13746: $? = 0
configure:13928: checking for /home/christopher/packages/gcc/4.8.2/platform-linux/arch-x86_64/os-Fedora-22/bin/g++ option to produce PIC
configure:14245: result: -fPIC -DPIC
configure:14254: checking if /home/christopher/packages/gcc/4.8.2/platform-linux/arch-x86_64/os-Fedora-22/bin/g++ PIC flag -fPIC -DPIC works
configure:14272: /home/christopher/packages/gcc/4.8.2/platform-linux/arch-x86_64/os-Fedora-22/bin/g++ -c -g -O2  -fPIC -DPIC -DPIC conftest.cpp >&5
configure:14276: $? = 0
configure:14289: result: yes
configure:14310: checking if /home/christopher/packages/gcc/4.8.2/platform-linux/arch-x86_64/os-Fedora-22/bin/g++ static flag -static works
configure:14338: result: yes
configure:14350: checking if /home/christopher/packages/gcc/4.8.2/platform-linux/arch-x86_64/os-Fedora-22/bin/g++ supports -c -o file.o
configure:14371: /home/christopher/packages/gcc/4.8.2/platform-linux/arch-x86_64/os-Fedora-22/bin/g++ -c -g -O2  -o out/conftest2.o conftest.cpp >&5
configure:14375: $? = 0
configure:14397: result: yes
configure:14402: checking if /home/christopher/packages/gcc/4.8.2/platform-linux/arch-x86_64/os-Fedora-22/bin/g++ supports -c -o file.o
configure:14449: result: yes
configure:14479: checking whether the /home/christopher/packages/gcc/4.8.2/platform-linux/arch-x86_64/os-Fedora-22/bin/g++ linker (/usr/bin/ld -m elf_x86_64) supports shared libraries
configure:14505: result: yes
configure:14642: checking dynamic linker characteristics
configure:15033: /home/christopher/packages/gcc/4.8.2/platform-linux/arch-x86_64/os-Fedora-22/bin/g++ -o conftest -g -O2   -Wl,-rpath -Wl,/foo conftest.cpp  >&5
configure:15040: $? = 0
configure:15276: result: GNU/Linux ld.so
configure:15327: checking how to hardcode library paths into programs
configure:15352: result: immediate
configure:15410: checking whether make sets $(MAKE)
configure:15432: result: yes
configure:15478: checking for pkg-config
configure:15496: found /usr/bin/pkg-config
configure:15509: result: /usr/bin/pkg-config
configure:15616: checking for IlmBase
configure:15667: /home/christopher/packages/gcc/4.8.2/platform-linux/arch-x86_64/os-Fedora-22/bin/g++ -o conftest  -I/home/christopher/packages/ilmbase/2.2.0/platform-linux/arch-x86_64/include/OpenEXR -g -O2  -L/home/christopher/packages/ilmbase/2.2.0/platform-linux/arch-x86_64/lib -L/usr/local/lib  conftest.cpp -lImath -lHalf -lIex -lIexMath -lIlmThread -lpthread  >&5
configure:15671: $? = 0
configure:15677: ./conftest
configure:15681: $? = 0
configure:15699: result: yes
configure:15701: result: Compiled and ran IlmBase test program.
configure:15897: checking for python
configure:15915: found /home/christopher/packages/python/2.7.10/platform-linux/arch-x86_64/os-Fedora-22/bin/python
configure:15927: result: /home/christopher/packages/python/2.7.10/platform-linux/arch-x86_64/os-Fedora-22/bin/python
configure:15950: checking for python version
configure:15957: result: 2.7
configure:15969: checking for python platform
configure:15976: result: linux2
configure:15983: checking for python script directory
configure:16012: result: ${prefix}/lib/python2.7/site-packages
configure:16021: checking for python extension module directory
configure:16050: result: ${exec_prefix}/lib64/python2.7/site-packages
configure:16122: checking for boost::python
configure:16168: /home/christopher/packages/gcc/4.8.2/platform-linux/arch-x86_64/os-Fedora-22/bin/g++ -o conftest -g -O2  -I/usr/include/python2.7 -g -O2  -I/usr/include/python2.7   -L/home/christopher/packages/ilmbase/2.2.0/platform-linux/arch-x86_64/lib -L/usr/local/lib  -L/usr/lib64  -L/home/christopher/packages/ilmbase/2.2.0/platform-linux/arch-x86_64/lib -L/usr/local/lib  -L/usr/lib64 conftest.cpp  -lpython2.7 -lboost_python  -lpython2.7 >&5
configure:16172: $? = 0
configure:16178: ./conftest
configure:16182: $? = 0
configure:16200: result: yes
configure:16202: result: Compiled and ran boost::python test program.
configure:16375: checking for ANSI C header files
configure:16543: result: yes
configure:16570: checking limits.h usability
configure:16587: /home/christopher/packages/gcc/4.8.2/platform-linux/arch-x86_64/os-Fedora-22/bin/gcc -c -g -O2  conftest.c >&5
configure:16594: $? = 0
configure:16608: result: yes
configure:16612: checking limits.h presence
configure:16627: /home/christopher/packages/gcc/4.8.2/platform-linux/arch-x86_64/os-Fedora-22/bin/gcc -E  conftest.c
configure:16634: $? = 0
configure:16648: result: yes
configure:16676: checking for limits.h
configure:16685: result: yes
configure:16559: checking for unistd.h
configure:16566: result: yes
configure:16701: checking for an ANSI C-conforming const
configure:16776: /home/christopher/packages/gcc/4.8.2/platform-linux/arch-x86_64/os-Fedora-22/bin/gcc -c -g -O2  conftest.c >&5
configure:16783: $? = 0
configure:16798: result: yes
configure:16808: checking for inline
configure:16834: /home/christopher/packages/gcc/4.8.2/platform-linux/arch-x86_64/os-Fedora-22/bin/gcc -c -g -O2  conftest.c >&5
configure:16841: $? = 0
configure:16859: result: inline
configure:16878: checking for size_t
configure:16906: /home/christopher/packages/gcc/4.8.2/platform-linux/arch-x86_64/os-Fedora-22/bin/gcc -c -g -O2  conftest.c >&5
configure:16913: $? = 0
configure:16940: /home/christopher/packages/gcc/4.8.2/platform-linux/arch-x86_64/os-Fedora-22/bin/gcc -c -g -O2  conftest.c >&5
conftest.c: In function 'main':
conftest.c:61:21: error: expected expression before ')' token
 if (sizeof ((size_t)))
                     ^
configure:16947: $? = 1
configure: failed program was:
| /* confdefs.h.  */
| #define PACKAGE_NAME "PyIlmBase"
| #define PACKAGE_TARNAME "pyilmbase"
| #define PACKAGE_VERSION "2.2.0"
| #define PACKAGE_STRING "PyIlmBase 2.2.0"
| #define PACKAGE_BUGREPORT ""
| #define PACKAGE "pyilmbase"
| #define VERSION "2.2.0"
| #define STDC_HEADERS 1
| #define HAVE_SYS_TYPES_H 1
| #define HAVE_SYS_STAT_H 1
| #define HAVE_STDLIB_H 1
| #define HAVE_STRING_H 1
| #define HAVE_MEMORY_H 1
| #define HAVE_STRINGS_H 1
| #define HAVE_INTTYPES_H 1
| #define HAVE_STDINT_H 1
| #define HAVE_UNISTD_H 1
| #define HAVE_DLFCN_H 1
| #define LT_OBJDIR ".libs/"
| #define STDC_HEADERS 1
| #define HAVE_LIMITS_H 1
| #define HAVE_UNISTD_H 1
| /* end confdefs.h.  */
| #include <stdio.h>
| #ifdef HAVE_SYS_TYPES_H
| # include <sys/types.h>
| #endif
| #ifdef HAVE_SYS_STAT_H
| # include <sys/stat.h>
| #endif
| #ifdef STDC_HEADERS
| # include <stdlib.h>
| # include <stddef.h>
| #else
| # ifdef HAVE_STDLIB_H
| #  include <stdlib.h>
| # endif
| #endif
| #ifdef HAVE_STRING_H
| # if !defined STDC_HEADERS && defined HAVE_MEMORY_H
| #  include <memory.h>
| # endif
| # include <string.h>
| #endif
| #ifdef HAVE_STRINGS_H
| # include <strings.h>
| #endif
| #ifdef HAVE_INTTYPES_H
| # include <inttypes.h>
| #endif
| #ifdef HAVE_STDINT_H
| # include <stdint.h>
| #endif
| #ifdef HAVE_UNISTD_H
| # include <unistd.h>
| #endif
| int
| main ()
| {
| if (sizeof ((size_t)))
| 	  return 0;
|   ;
|   return 0;
| }
configure:16970: result: yes
configure:16983: checking for gcc optimization flags
configure:17008: /home/christopher/packages/gcc/4.8.2/platform-linux/arch-x86_64/os-Fedora-22/bin/gcc -c -g -O2 -pipe  conftest.c >&5
configure:17015: $? = 0
configure:17030: result: -pipe
configure:17234: creating ./config.status

## ---------------------- ##
## Running config.status. ##
## ---------------------- ##

This file was extended by PyIlmBase config.status 2.2.0, which was
generated by GNU Autoconf 2.63.  Invocation command line was

  CONFIG_FILES    = 
  CONFIG_HEADERS  = 
  CONFIG_LINKS    = 
  CONFIG_COMMANDS = 
  $ ./config.status 

on linux-desktop

config.status:1086: creating Makefile
config.status:1086: creating PyIlmBase.pc
config.status:1086: creating config/Makefile
config.status:1086: creating PyIex/Makefile
config.status:1086: creating PyIexTest/Makefile
config.status:1086: creating PyIexTest/pyIexTest
config.status:1086: creating PyImath/Makefile
config.status:1086: creating PyImathTest/Makefile
config.status:1086: creating PyImathTest/pyImathTest
config.status:1086: creating PyImathNumpy/Makefile
config.status:1086: creating config/PyIlmBaseConfig.h
config.status:1308: config/PyIlmBaseConfig.h is unchanged
config.status:1360: executing depfiles commands
config.status:1360: executing libtool commands
configure:19729: WARNING: unrecognized options: --disable-debug
configure:19741: result:
---------------------------------------------
Summary for PyIlmBase features:

Python version                                  2.7
boost::python libname                           boost_python
---------------------------------------------


## ---------------- ##
## Cache variables. ##
## ---------------- ##

ac_cv_build=x86_64-unknown-linux-gnu
ac_cv_c_compiler_gnu=yes
ac_cv_c_const=yes
ac_cv_c_inline=inline
ac_cv_cxx_compiler_gnu=yes
ac_cv_env_CCC_set=
ac_cv_env_CCC_value=
ac_cv_env_CC_set=set
ac_cv_env_CC_value=/home/christopher/packages/gcc/4.8.2/platform-linux/arch-x86_64/os-Fedora-22/bin/gcc
ac_cv_env_CFLAGS_set=
ac_cv_env_CFLAGS_value=
ac_cv_env_CPPFLAGS_set=
ac_cv_env_CPPFLAGS_value=
ac_cv_env_CPP_set=
ac_cv_env_CPP_value=
ac_cv_env_CXXCPP_set=
ac_cv_env_CXXCPP_value=
ac_cv_env_CXXFLAGS_set=
ac_cv_env_CXXFLAGS_value=
ac_cv_env_CXX_set=set
ac_cv_env_CXX_value=/home/christopher/packages/gcc/4.8.2/platform-linux/arch-x86_64/os-Fedora-22/bin/g++
ac_cv_env_LDFLAGS_set=
ac_cv_env_LDFLAGS_value=
ac_cv_env_LIBS_set=
ac_cv_env_LIBS_value=
ac_cv_env_PKG_CONFIG_set=
ac_cv_env_PKG_CONFIG_value=
ac_cv_env_build_alias_set=
ac_cv_env_build_alias_value=
ac_cv_env_host_alias_set=
ac_cv_env_host_alias_value=
ac_cv_env_target_alias_set=
ac_cv_env_target_alias_value=
ac_cv_header_dlfcn_h=yes
ac_cv_header_inttypes_h=yes
ac_cv_header_limits_h=yes
ac_cv_header_memory_h=yes
ac_cv_header_stdc=yes
ac_cv_header_stdint_h=yes
ac_cv_header_stdlib_h=yes
ac_cv_header_string_h=yes
ac_cv_header_strings_h=yes
ac_cv_header_sys_stat_h=yes
ac_cv_header_sys_types_h=yes
ac_cv_header_unistd_h=yes
ac_cv_host=x86_64-unknown-linux-gnu
ac_cv_objext=o
ac_cv_path_EGREP='/usr/bin/grep -E'
ac_cv_path_FGREP='/usr/bin/grep -F'
ac_cv_path_GREP=/usr/bin/grep
ac_cv_path_PKG_CONFIG=/usr/bin/pkg-config
ac_cv_path_PYTHON=/home/christopher/packages/python/2.7.10/platform-linux/arch-x86_64/os-Fedora-22/bin/python
ac_cv_path_SED=/usr/bin/sed
ac_cv_path_install='/usr/bin/install -c'
ac_cv_path_mkdir=/usr/bin/mkdir
ac_cv_prog_AWK=gawk
ac_cv_prog_CPP='/home/christopher/packages/gcc/4.8.2/platform-linux/arch-x86_64/os-Fedora-22/bin/gcc -E'
ac_cv_prog_CXXCPP='/home/christopher/packages/gcc/4.8.2/platform-linux/arch-x86_64/os-Fedora-22/bin/g++ -E'
ac_cv_prog_ac_ct_AR=ar
ac_cv_prog_ac_ct_CC=/home/christopher/packages/gcc/4.8.2/platform-linux/arch-x86_64/os-Fedora-22/bin/gcc
ac_cv_prog_ac_ct_OBJDUMP=objdump
ac_cv_prog_ac_ct_RANLIB=ranlib
ac_cv_prog_ac_ct_STRIP=strip
ac_cv_prog_cc_c89=
ac_cv_prog_cc_g=yes
ac_cv_prog_cxx_g=yes
ac_cv_prog_make_make_set=yes
ac_cv_type_size_t=yes
am_cv_CC_dependencies_compiler_type=gcc3
am_cv_CXX_dependencies_compiler_type=gcc3
am_cv_python_platform=linux2
am_cv_python_pyexecdir='${exec_prefix}/lib64/python2.7/site-packages'
am_cv_python_pythondir='${prefix}/lib/python2.7/site-packages'
am_cv_python_version=2.7
lt_cv_deplibs_check_method=pass_all
lt_cv_file_magic_cmd='$MAGIC_CMD'
lt_cv_file_magic_test_file=
lt_cv_ld_reload_flag=-r
lt_cv_nm_interface='BSD nm'
lt_cv_objdir=.libs
lt_cv_path_LD=/usr/bin/ld
lt_cv_path_LDCXX='/usr/bin/ld -m elf_x86_64'
lt_cv_path_NM='/usr/bin/nm -B'
lt_cv_prog_compiler_c_o=yes
lt_cv_prog_compiler_c_o_CXX=yes
lt_cv_prog_compiler_pic_works=yes
lt_cv_prog_compiler_pic_works_CXX=yes
lt_cv_prog_compiler_rtti_exceptions=no
lt_cv_prog_compiler_static_works=yes
lt_cv_prog_compiler_static_works_CXX=yes
lt_cv_prog_gnu_ld=yes
lt_cv_prog_gnu_ldcxx=yes
lt_cv_sys_global_symbol_pipe='sed -n -e '\''s/^.*[	 ]\([ABCDGIRSTW][ABCDGIRSTW]*\)[	 ][	 ]*\([_A-Za-z][_A-Za-z0-9]*\)$/\1 \2 \2/p'\'''
lt_cv_sys_global_symbol_to_c_name_address='sed -n -e '\''s/^: \([^ ]*\) $/  {\"\1\", (void *) 0},/p'\'' -e '\''s/^[ABCDGIRSTW]* \([^ ]*\) \([^ ]*\)$/  {"\2", (void *) \&\2},/p'\'''
lt_cv_sys_global_symbol_to_c_name_address_lib_prefix='sed -n -e '\''s/^: \([^ ]*\) $/  {\"\1\", (void *) 0},/p'\'' -e '\''s/^[ABCDGIRSTW]* \([^ ]*\) \(lib[^ ]*\)$/  {"\2", (void *) \&\2},/p'\'' -e '\''s/^[ABCDGIRSTW]* \([^ ]*\) \([^ ]*\)$/  {"lib\2", (void *) \&\2},/p'\'''
lt_cv_sys_global_symbol_to_cdecl='sed -n -e '\''s/^T .* \(.*\)$/extern int \1();/p'\'' -e '\''s/^[ABCDGIRSTW]* .* \(.*\)$/extern char \1;/p'\'''
lt_cv_sys_max_cmd_len=1572864

## ----------------- ##
## Output variables. ##
## ----------------- ##

ACLOCAL='${SHELL} /home/christopher/dev/github/rez_packages/pyilmbase/2.2.0/build/platform-linux/arch-x86_64/pyilmbase/src/pyilmbase/missing --run aclocal-1.11'
AMDEPBACKSLASH='\'
AMDEP_FALSE='#'
AMDEP_TRUE=''
AMTAR='${SHELL} /home/christopher/dev/github/rez_packages/pyilmbase/2.2.0/build/platform-linux/arch-x86_64/pyilmbase/src/pyilmbase/missing --run tar'
AM_CFLAGS='-pipe'
AM_CXXFLAGS='-pipe'
AM_LDFLAGS='-L/home/christopher/packages/ilmbase/2.2.0/platform-linux/arch-x86_64/lib -L/usr/local/lib '
AR='ar'
AUTOCONF='${SHELL} /home/christopher/dev/github/rez_packages/pyilmbase/2.2.0/build/platform-linux/arch-x86_64/pyilmbase/src/pyilmbase/missing --run autoconf'
AUTOHEADER='${SHELL} /home/christopher/dev/github/rez_packages/pyilmbase/2.2.0/build/platform-linux/arch-x86_64/pyilmbase/src/pyilmbase/missing --run autoheader'
AUTOMAKE='${SHELL} /home/christopher/dev/github/rez_packages/pyilmbase/2.2.0/build/platform-linux/arch-x86_64/pyilmbase/src/pyilmbase/missing --run automake-1.11'
AWK='gawk'
BOOST_PYTHON_LIBS='-lboost_python'
BUILD_PYIMATHNUMPY_FALSE='#'
BUILD_PYIMATHNUMPY_TRUE=''
CC='/home/christopher/packages/gcc/4.8.2/platform-linux/arch-x86_64/os-Fedora-22/bin/gcc'
CCDEPMODE='depmode=gcc3'
CFLAGS='-g -O2'
CPP='/home/christopher/packages/gcc/4.8.2/platform-linux/arch-x86_64/os-Fedora-22/bin/gcc -E'
CPPFLAGS=''
CXX='/home/christopher/packages/gcc/4.8.2/platform-linux/arch-x86_64/os-Fedora-22/bin/g++'
CXXCPP='/home/christopher/packages/gcc/4.8.2/platform-linux/arch-x86_64/os-Fedora-22/bin/g++ -E'
CXXDEPMODE='depmode=gcc3'
CXXFLAGS='-g -O2  -I/usr/include/python2.7'
CYGPATH_W='echo'
DEFS='-DHAVE_CONFIG_H'
DEPDIR='.deps'
DSYMUTIL=''
DUMPBIN=''
ECHO_C=''
ECHO_N='-n'
ECHO_T=''
EGREP='/usr/bin/grep -E'
EXEEXT=''
FGREP='/usr/bin/grep -F'
GREP='/usr/bin/grep'
ILMBASE_CXXFLAGS=' -I/home/christopher/packages/ilmbase/2.2.0/platform-linux/arch-x86_64/include/OpenEXR'
ILMBASE_LDFLAGS='-L/home/christopher/packages/ilmbase/2.2.0/platform-linux/arch-x86_64/lib -L/usr/local/lib'
ILMBASE_LIBS='-lImath -lHalf -lIex -lIexMath -lIlmThread -lpthread'
INSTALL_DATA='${INSTALL} -m 644'
INSTALL_PROGRAM='${INSTALL}'
INSTALL_SCRIPT='${INSTALL}'
INSTALL_STRIP_PROGRAM='$(install_sh) -c -s'
LD='/usr/bin/ld -m elf_x86_64'
LDFLAGS=' -L/home/christopher/packages/ilmbase/2.2.0/platform-linux/arch-x86_64/lib -L/usr/local/lib  -L/usr/lib64'
LIBOBJS=''
LIBS=' -lpython2.7'
LIBTOOL='$(SHELL) $(top_builddir)/libtool'
LIBTOOL_VERSION='2:2:0'
LIPO=''
LN_S='ln -s'
LTLIBOBJS=''
MAINT='#'
MAINTAINER_MODE_FALSE=''
MAINTAINER_MODE_TRUE='#'
MAKEINFO='${SHELL} /home/christopher/dev/github/rez_packages/pyilmbase/2.2.0/build/platform-linux/arch-x86_64/pyilmbase/src/pyilmbase/missing --run makeinfo'
MKDIR_P='/usr/bin/mkdir -p'
NM='/usr/bin/nm -B'
NMEDIT=''
NUMPY_CXXFLAGS='-I/home/christopher/packages/numpy/1.9.2/platform-linux/python-2.7/lib64/python2.7/site-packages/numpy/core/include'
OBJDUMP='objdump'
OBJEXT='o'
OTOOL64=''
OTOOL=''
PACKAGE='pyilmbase'
PACKAGE_BUGREPORT=''
PACKAGE_NAME='PyIlmBase'
PACKAGE_STRING='PyIlmBase 2.2.0'
PACKAGE_TARNAME='pyilmbase'
PACKAGE_VERSION='2.2.0'
PATH_SEPARATOR=':'
PKG_CONFIG='/usr/bin/pkg-config'
PYILMBASE_VERSION='2.2.0'
PYTHON='/home/christopher/packages/python/2.7.10/platform-linux/arch-x86_64/os-Fedora-22/bin/python'
PYTHON_EXEC_PREFIX='${exec_prefix}'
PYTHON_PLATFORM='linux2'
PYTHON_PREFIX='${prefix}'
PYTHON_VERSION='2.7'
RANLIB='ranlib'
SED='/usr/bin/sed'
SET_MAKE=''
SHELL='/bin/sh'
STRIP='strip'
VERSION='2.2.0'
ac_ct_CC='/home/christopher/packages/gcc/4.8.2/platform-linux/arch-x86_64/os-Fedora-22/bin/gcc'
ac_ct_CXX=''
ac_ct_DUMPBIN=''
am__EXEEXT_FALSE=''
am__EXEEXT_TRUE='#'
am__fastdepCC_FALSE='#'
am__fastdepCC_TRUE=''
am__fastdepCXX_FALSE='#'
am__fastdepCXX_TRUE=''
am__include='include'
am__isrc=''
am__leading_dot='.'
am__quote=''
am__tar='${AMTAR} chof - "$$tardir"'
am__untar='${AMTAR} xf -'
bindir='${exec_prefix}/bin'
build='x86_64-unknown-linux-gnu'
build_alias=''
build_cpu='x86_64'
build_os='linux-gnu'
build_vendor='unknown'
datadir='${datarootdir}'
datarootdir='${prefix}/share'
docdir='${datarootdir}/doc/${PACKAGE_TARNAME}'
dvidir='${docdir}'
exec_prefix='${prefix}'
host='x86_64-unknown-linux-gnu'
host_alias=''
host_cpu='x86_64'
host_os='linux-gnu'
host_vendor='unknown'
htmldir='${docdir}'
includedir='${prefix}/include'
infodir='${datarootdir}/info'
install_sh='${SHELL} /home/christopher/dev/github/rez_packages/pyilmbase/2.2.0/build/platform-linux/arch-x86_64/pyilmbase/src/pyilmbase/install-sh'
libdir='${exec_prefix}/lib'
libexecdir='${exec_prefix}/libexec'
localedir='${datarootdir}/locale'
localstatedir='${prefix}/var'
lt_ECHO='echo'
mandir='${datarootdir}/man'
mkdir_p='/usr/bin/mkdir -p'
oldincludedir='/usr/include'
pdfdir='${docdir}'
pkgpyexecdir='${pyexecdir}/pyilmbase'
pkgpythondir='${pythondir}/pyilmbase'
prefix='/home/christopher/packages/pyilmbase/2.2.0/platform-linux/arch-x86_64'
program_transform_name='s,x,x,'
psdir='${docdir}'
pyexecdir='${exec_prefix}/lib64/python2.7/site-packages'
pythondir='${prefix}/lib/python2.7/site-packages'
sbindir='${exec_prefix}/sbin'
sharedstatedir='${prefix}/com'
sysconfdir='${prefix}/etc'
target_alias=''

## ----------- ##
## confdefs.h. ##
## ----------- ##

#define PACKAGE_NAME "PyIlmBase"
#define PACKAGE_TARNAME "pyilmbase"
#define PACKAGE_VERSION "2.2.0"
#define PACKAGE_STRING "PyIlmBase 2.2.0"
#define PACKAGE_BUGREPORT ""
#define PACKAGE "pyilmbase"
#define VERSION "2.2.0"
#define STDC_HEADERS 1
#define HAVE_SYS_TYPES_H 1
#define HAVE_SYS_STAT_H 1
#define HAVE_STDLIB_H 1
#define HAVE_STRING_H 1
#define HAVE_MEMORY_H 1
#define HAVE_STRINGS_H 1
#define HAVE_INTTYPES_H 1
#define HAVE_STDINT_H 1
#define HAVE_UNISTD_H 1
#define HAVE_DLFCN_H 1
#define LT_OBJDIR ".libs/"
#define STDC_HEADERS 1
#define HAVE_LIMITS_H 1
#define HAVE_UNISTD_H 1
#define HAVE_LINUX_PROCFS 1

configure: exit 0
